2024-06-26 09:47:18,207 [INFO] Activator:176 - 


2024-06-26 09:47:18,210 [INFO] Activator:177 - !SESSION log4j initialized
2024-06-26 09:47:21,731 [INFO] LogOutputStream:77 - [STDOUT_REDIRECT] 
2024-06-26 09:47:27,823 [INFO] ApplicationProperties:184 - Using Application install path: C:\ST\STM32CubeIDE_1.15.1\STM32CubeIDE\plugins\com.st.stm32cube.common.mx_6.11.1.202404110753
2024-06-26 09:47:27,834 [INFO] DbMcusXml:78 - Set database path to: C:\ST\STM32CubeIDE_1.15.1\STM32CubeIDE\plugins\com.st.stm32cube.common.mx_6.11.1.202404110753\\db\/mcu/
2024-06-26 09:47:27,834 [INFO] ApiDb:274 - Set plugin database path to: C:\ST\STM32CubeIDE_1.15.1\STM32CubeIDE\plugins\com.st.stm32cube.common.mx_6.11.1.202404110753\\db\/plugins/boardmanager/
2024-06-26 09:47:27,835 [WARN] ApiDb:259 - Overriding images path with different value:  => C:\ST\STM32CubeIDE_1.15.1\STM32CubeIDE\plugins\com.st.stm32cube.common.mx_6.11.1.202404110753\\db\/plugins/mcufinder/images/
2024-06-26 09:47:27,839 [INFO] ApiDb:250 - Set database path to: C:\Users\alin_\.stmcufinder\plugins\mcufinder//mcu/
2024-06-26 09:47:27,840 [INFO] DbMcusAds:125 - Set database path to: C:\Users\alin_\.stmcufinder\plugins\mcufinder//mcu/
2024-06-26 09:47:27,841 [INFO] CrossReferenceDbSqlite:203 - Set database path to: C:\Users\alin_\.stmcufinder\plugins\mcufinder//mcu/cs/
2024-06-26 09:47:27,906 [INFO] RulesReader:64 - Compatibility file has been processed (297 Rules)
2024-06-26 09:47:27,954 [INFO] DbMcusXml:78 - Set database path to: C:\ST\STM32CubeIDE_1.15.1\STM32CubeIDE\plugins\com.st.stm32cube.common.mx_6.11.1.202404110753\\db\/mcu/
2024-06-26 09:47:27,954 [INFO] ApiDb:274 - Set plugin database path to: C:\ST\STM32CubeIDE_1.15.1\STM32CubeIDE\plugins\com.st.stm32cube.common.mx_6.11.1.202404110753\\db\/plugins/boardmanager/
2024-06-26 09:47:27,954 [INFO] ApiDb:261 - Set plugin images path to: C:\ST\STM32CubeIDE_1.15.1\STM32CubeIDE\plugins\com.st.stm32cube.common.mx_6.11.1.202404110753\\db\/plugins/mcufinder/images/
2024-06-26 09:47:27,955 [WARN] DbFile:41 - Overriding database path with different value: C:\Users\alin_\.stmcufinder\plugins\mcufinder/ => C:\Users\alin_\.stmcufinder\plugins\mcufinder
2024-06-26 09:47:27,955 [INFO] ApiDb:250 - Set database path to: C:\Users\alin_\.stmcufinder\plugins\mcufinder//mcu/
2024-06-26 09:47:27,955 [WARN] DbFile:41 - Overriding database path with different value: C:\Users\alin_\.stmcufinder\plugins\mcufinder/ => C:\Users\alin_\.stmcufinder\plugins\mcufinder
2024-06-26 09:47:27,955 [INFO] DbMcusAds:125 - Set database path to: C:\Users\alin_\.stmcufinder\plugins\mcufinder//mcu/
2024-06-26 09:47:27,955 [WARN] DbFile:41 - Overriding database path with different value: C:\Users\alin_\.stmcufinder\plugins\mcufinder/ => C:\Users\alin_\.stmcufinder\plugins\mcufinder
2024-06-26 09:47:27,955 [WARN] DbFile:41 - Overriding database path with different value: C:\Users\alin_\.stmcufinder\plugins\mcufinder/ => C:\Users\alin_\.stmcufinder\plugins\mcufinder
2024-06-26 09:47:27,955 [INFO] CrossReferenceDbSqlite:203 - Set database path to: C:\Users\alin_\.stmcufinder\plugins\mcufinder//mcu/cs/
2024-06-26 09:47:27,999 [INFO] MainPanel:264 - HeapMemory: 268435456
2024-06-26 09:47:28,057 [INFO] DbMcusXml:78 - Set database path to: C:\ST\STM32CubeIDE_1.15.1\STM32CubeIDE\plugins\com.st.stm32cube.common.mx_6.11.1.202404110753\\db\/mcu/
2024-06-26 09:47:28,058 [INFO] ApiDb:274 - Set plugin database path to: C:\ST\STM32CubeIDE_1.15.1\STM32CubeIDE\plugins\com.st.stm32cube.common.mx_6.11.1.202404110753\\db\/plugins/boardmanager/
2024-06-26 09:47:28,058 [INFO] ApiDb:261 - Set plugin images path to: C:\ST\STM32CubeIDE_1.15.1\STM32CubeIDE\plugins\com.st.stm32cube.common.mx_6.11.1.202404110753\\db\/plugins/mcufinder/images/
2024-06-26 09:47:28,058 [WARN] DbFile:41 - Overriding database path with different value: C:\Users\alin_\.stmcufinder\plugins\mcufinder/ => C:\Users\alin_\.stmcufinder\plugins\mcufinder
2024-06-26 09:47:28,058 [INFO] ApiDb:250 - Set database path to: C:\Users\alin_\.stmcufinder\plugins\mcufinder//mcu/
2024-06-26 09:47:28,058 [WARN] DbFile:41 - Overriding database path with different value: C:\Users\alin_\.stmcufinder\plugins\mcufinder/ => C:\Users\alin_\.stmcufinder\plugins\mcufinder
2024-06-26 09:47:28,058 [INFO] DbMcusAds:125 - Set database path to: C:\Users\alin_\.stmcufinder\plugins\mcufinder//mcu/
2024-06-26 09:47:28,058 [WARN] DbFile:41 - Overriding database path with different value: C:\Users\alin_\.stmcufinder\plugins\mcufinder/ => C:\Users\alin_\.stmcufinder\plugins\mcufinder
2024-06-26 09:47:28,058 [WARN] DbFile:41 - Overriding database path with different value: C:\Users\alin_\.stmcufinder\plugins\mcufinder/ => C:\Users\alin_\.stmcufinder\plugins\mcufinder
2024-06-26 09:47:28,058 [INFO] CrossReferenceDbSqlite:203 - Set database path to: C:\Users\alin_\.stmcufinder\plugins\mcufinder//mcu/cs/
2024-06-26 09:47:28,069 [INFO] ApplicationProperties:184 - Using Application install path: C:\ST\STM32CubeIDE_1.15.1\STM32CubeIDE\plugins\com.st.stm32cube.common.mx_6.11.1.202404110753
2024-06-26 09:47:28,070 [INFO] PluginManage:196 - Search for loadable plugins [exclusion list=, ]
2024-06-26 09:47:28,070 [INFO] PluginManage:310 - Check plugin analytics
2024-06-26 09:47:33,133 [INFO] AnalyticsPlugin:253 - Accepted Software Licenses: 
2024-06-26 09:47:33,133 [INFO] AnalyticsPlugin:255 - Accepted CMSIS Pack Licenses: 
2024-06-26 09:47:33,133 [INFO] AnalyticsPlugin:257 - Accepted Firmware Licenses: FW.F4.1.28.0
2024-06-26 09:47:33,135 [INFO] PluginManage:359 - Loaded plugin analytics (category:tool,tabindex:-1)
2024-06-26 09:47:33,135 [INFO] PluginManage:310 - Check plugin cadmodel
2024-06-26 09:47:33,145 [INFO] CADModel:105 - Init CAD model plugin
2024-06-26 09:47:33,145 [INFO] PluginManage:359 - Loaded plugin cadmodel (category:power,tabindex:5)
2024-06-26 09:47:33,145 [INFO] PluginManage:310 - Check plugin clock
2024-06-26 09:47:33,159 [INFO] PluginManage:359 - Loaded plugin clock (category:base,tabindex:2)
2024-06-26 09:47:33,159 [INFO] PluginManage:310 - Check plugin ddr
2024-06-26 09:47:33,160 [INFO] PluginManage:359 - Loaded plugin ddr (category:tool,tabindex:6)
2024-06-26 09:47:33,160 [INFO] PluginManage:310 - Check plugin filemanager
2024-06-26 09:47:33,247 [INFO] PluginManage:359 - Loaded plugin filemanager (category:base,tabindex:10)
2024-06-26 09:47:33,247 [INFO] PluginManage:310 - Check plugin ipmanager
2024-06-26 09:47:33,251 [INFO] PluginManage:359 - Loaded plugin ipmanager (category:base,tabindex:5)
2024-06-26 09:47:33,251 [INFO] PluginManage:310 - Check plugin lpbam
2024-06-26 09:47:33,263 [INFO] PluginManage:359 - Loaded plugin lpbam (category:base,tabindex:0)
2024-06-26 09:47:33,263 [INFO] PluginManage:310 - Check plugin memorymap
2024-06-26 09:47:33,278 [INFO] PluginManage:359 - Loaded plugin memorymap (category:base,tabindex:4)
2024-06-26 09:47:33,278 [INFO] PluginManage:310 - Check plugin pinoutandconfiguration
2024-06-26 09:47:33,288 [INFO] PluginManage:359 - Loaded plugin pinoutandconfiguration (category:base,tabindex:1)
2024-06-26 09:47:33,288 [INFO] PluginManage:310 - Check plugin pinoutconfig
2024-06-26 09:47:33,347 [WARN] SupportedApi:132 - Cannot load RTOS API schema: s4s-elt-must-match.1: The content of 'definitions' must match (annotation?, (simpleType | complexType)?, (unique | key | keyref)*)). A problem was found starting at: attribute.
2024-06-26 09:47:33,437 [INFO] PluginManage:359 - Loaded plugin pinoutconfig (category:base,tabindex:0)
2024-06-26 09:47:33,437 [INFO] PluginManage:310 - Check plugin power
2024-06-26 09:47:33,448 [INFO] PluginManage:359 - Loaded plugin power (category:power,tabindex:4)
2024-06-26 09:47:33,448 [INFO] PluginManage:310 - Check plugin projectmanager
2024-06-26 09:47:33,457 [INFO] PluginManage:359 - Loaded plugin projectmanager (category:projectmanager,tabindex:3)
2024-06-26 09:47:33,457 [INFO] PluginManage:310 - Check plugin thirdparty
2024-06-26 09:47:33,616 [INFO] PluginManage:359 - Loaded plugin thirdparty (category:base,tabindex:-1)
2024-06-26 09:47:33,616 [INFO] PluginManage:310 - Check plugin tools
2024-06-26 09:47:33,616 [WARN] IntegrityCheckThread:84 - waiting for thirdparty lock release [integrity check]
2024-06-26 09:47:33,616 [INFO] IntegrityCheckThread:86 - entering critical section [integrity check]
2024-06-26 09:47:33,616 [INFO] ThirdPartyUpdaterWithRetryManager:70 - Updater plugin not ready yet. [1/15]
2024-06-26 09:47:33,636 [INFO] PluginManage:359 - Loaded plugin tools (category:base,tabindex:7)
2024-06-26 09:47:33,636 [INFO] PluginManage:310 - Check plugin tutovideos
2024-06-26 09:47:33,757 [INFO] PluginManage:359 - Loaded plugin tutovideos (category:base,tabindex:-1)
2024-06-26 09:47:33,757 [INFO] PluginManage:310 - Check plugin updater
2024-06-26 09:47:33,765 [INFO] PluginManage:359 - Loaded plugin updater (category:base,tabindex:12)
2024-06-26 09:47:33,765 [INFO] PluginManage:310 - Check plugin userauth
2024-06-26 09:47:33,768 [INFO] UserAuth:114 - Init User Auth plugin
2024-06-26 09:47:33,769 [INFO] PluginManage:359 - Loaded plugin userauth (category:base,tabindex:14)
2024-06-26 09:47:33,769 [INFO] PluginManage:283 - PluginManage : Loaded plugins [17]
2024-06-26 09:47:33,893 [INFO] PinOutPanel:1561 - setPackage(No Configuration,No Configuration)
2024-06-26 09:47:33,934 [INFO] CADModel:165 - CPN selected for project level
2024-06-26 09:47:33,934 [INFO] CADModel:114 - Register for checkConnection events
2024-06-26 09:47:33,951 [INFO] IPUIPlugin:80 - create IPUIPlugin
2024-06-26 09:47:33,951 [INFO] PluginManager:220 - loadIPPluginJar : add adc
2024-06-26 09:47:33,971 [INFO] IPUIPlugin:80 - create IPUIPlugin
2024-06-26 09:47:33,971 [INFO] PluginManager:220 - loadIPPluginJar : add aes
2024-06-26 09:47:33,994 [INFO] IPUIPlugin:80 - create IPUIPlugin
2024-06-26 09:47:33,994 [INFO] PluginManager:220 - loadIPPluginJar : add can
2024-06-26 09:47:34,007 [INFO] IPUIPlugin:80 - create IPUIPlugin
2024-06-26 09:47:34,007 [INFO] PluginManager:220 - loadIPPluginJar : add comp
2024-06-26 09:47:34,026 [INFO] IPUIPlugin:80 - create IPUIPlugin
2024-06-26 09:47:34,026 [INFO] PluginManager:220 - loadIPPluginJar : add cryp
2024-06-26 09:47:34,043 [INFO] IPUIPlugin:80 - create IPUIPlugin
2024-06-26 09:47:34,043 [INFO] PluginManager:220 - loadIPPluginJar : add dfsdm
2024-06-26 09:47:34,051 [INFO] IPUIPlugin:80 - create IPUIPlugin
2024-06-26 09:47:34,051 [INFO] PluginManager:220 - loadIPPluginJar : add dma
2024-06-26 09:47:34,075 [INFO] IPUIPlugin:80 - create IPUIPlugin
2024-06-26 09:47:34,075 [INFO] PluginManager:220 - loadIPPluginJar : add dma3
2024-06-26 09:47:34,101 [INFO] IPUIPlugin:80 - create IPUIPlugin
2024-06-26 09:47:34,101 [INFO] PluginManager:220 - loadIPPluginJar : add extmemmanager
2024-06-26 09:47:34,112 [INFO] IPUIPlugin:80 - create IPUIPlugin
2024-06-26 09:47:34,113 [INFO] PluginManager:220 - loadIPPluginJar : add fatfs
2024-06-26 09:47:34,139 [INFO] IPUIPlugin:80 - create IPUIPlugin
2024-06-26 09:47:34,139 [INFO] PluginManager:220 - loadIPPluginJar : add fmc
2024-06-26 09:47:34,148 [INFO] IPUIPlugin:80 - create IPUIPlugin
2024-06-26 09:47:34,149 [INFO] PluginManager:220 - loadIPPluginJar : add freertos
2024-06-26 09:47:34,160 [INFO] IPUIPlugin:80 - create IPUIPlugin
2024-06-26 09:47:34,160 [INFO] PluginManager:220 - loadIPPluginJar : add genericplugin
2024-06-26 09:47:34,214 [INFO] IPUIPlugin:80 - create IPUIPlugin
2024-06-26 09:47:34,214 [INFO] PluginManager:220 - loadIPPluginJar : add gfxmmu
2024-06-26 09:47:34,291 [INFO] IPUIPlugin:80 - create IPUIPlugin
2024-06-26 09:47:34,291 [INFO] PluginManager:220 - loadIPPluginJar : add gic
2024-06-26 09:47:34,300 [INFO] IPUIPlugin:80 - create IPUIPlugin
2024-06-26 09:47:34,300 [INFO] PluginManager:220 - loadIPPluginJar : add gpio
2024-06-26 09:47:34,348 [INFO] IPUIPlugin:80 - create IPUIPlugin
2024-06-26 09:47:34,348 [INFO] PluginManager:220 - loadIPPluginJar : add gtzc
2024-06-26 09:47:34,368 [INFO] IPUIPlugin:80 - create IPUIPlugin
2024-06-26 09:47:34,368 [INFO] PluginManager:220 - loadIPPluginJar : add hash
2024-06-26 09:47:34,399 [INFO] IPUIPlugin:80 - create IPUIPlugin
2024-06-26 09:47:34,399 [INFO] PluginManager:220 - loadIPPluginJar : add i2c
2024-06-26 09:47:34,421 [INFO] IPUIPlugin:80 - create IPUIPlugin
2024-06-26 09:47:34,421 [INFO] PluginManager:220 - loadIPPluginJar : add i2s
2024-06-26 09:47:34,443 [INFO] IPUIPlugin:80 - create IPUIPlugin
2024-06-26 09:47:34,443 [INFO] PluginManager:220 - loadIPPluginJar : add i3c
2024-06-26 09:47:34,501 [INFO] IPUIPlugin:80 - create IPUIPlugin
2024-06-26 09:47:34,502 [INFO] PluginManager:220 - loadIPPluginJar : add ipddr
2024-06-26 09:47:34,552 [INFO] IPUIPlugin:80 - create IPUIPlugin
2024-06-26 09:47:34,552 [INFO] PluginManager:220 - loadIPPluginJar : add linkedlist
2024-06-26 09:47:34,570 [INFO] IPUIPlugin:80 - create IPUIPlugin
2024-06-26 09:47:34,571 [INFO] PluginManager:220 - loadIPPluginJar : add lorawan
2024-06-26 09:47:34,592 [INFO] IPUIPlugin:80 - create IPUIPlugin
2024-06-26 09:47:34,593 [INFO] PluginManager:220 - loadIPPluginJar : add ltdc
2024-06-26 09:47:34,601 [INFO] IPUIPlugin:80 - create IPUIPlugin
2024-06-26 09:47:34,601 [INFO] PluginManager:220 - loadIPPluginJar : add mdma
2024-06-26 09:47:34,612 [INFO] IPUIPlugin:80 - create IPUIPlugin
2024-06-26 09:47:34,613 [INFO] PluginManager:220 - loadIPPluginJar : add nvic
2024-06-26 09:47:34,634 [INFO] IPUIPlugin:80 - create IPUIPlugin
2024-06-26 09:47:34,634 [INFO] PluginManager:220 - loadIPPluginJar : add opamp
2024-06-26 09:47:34,667 [INFO] IPUIPlugin:80 - create IPUIPlugin
2024-06-26 09:47:34,667 [INFO] PluginManager:220 - loadIPPluginJar : add openamp
2024-06-26 09:47:34,690 [INFO] IPUIPlugin:80 - create IPUIPlugin
2024-06-26 09:47:34,690 [INFO] PluginManager:220 - loadIPPluginJar : add pdm2pcm
2024-06-26 09:47:34,699 [INFO] IPUIPlugin:80 - create IPUIPlugin
2024-06-26 09:47:34,700 [INFO] PluginManager:220 - loadIPPluginJar : add plateformsettings
2024-06-26 09:47:34,713 [INFO] IPUIPlugin:80 - create IPUIPlugin
2024-06-26 09:47:34,713 [INFO] PluginManager:220 - loadIPPluginJar : add quadspi
2024-06-26 09:47:34,722 [INFO] IPUIPlugin:80 - create IPUIPlugin
2024-06-26 09:47:34,722 [INFO] PluginManager:220 - loadIPPluginJar : add resmgrutility
2024-06-26 09:47:34,747 [INFO] IPUIPlugin:80 - create IPUIPlugin
2024-06-26 09:47:34,748 [INFO] PluginManager:220 - loadIPPluginJar : add sai
2024-06-26 09:47:34,768 [INFO] IPUIPlugin:80 - create IPUIPlugin
2024-06-26 09:47:34,768 [INFO] PluginManager:220 - loadIPPluginJar : add spi
2024-06-26 09:47:34,806 [INFO] IPUIPlugin:80 - create IPUIPlugin
2024-06-26 09:47:34,806 [INFO] PluginManager:220 - loadIPPluginJar : add stm32_wpan
2024-06-26 09:47:34,820 [INFO] IPUIPlugin:80 - create IPUIPlugin
2024-06-26 09:47:34,820 [INFO] PluginManager:220 - loadIPPluginJar : add tim
2024-06-26 09:47:34,853 [INFO] IPUIPlugin:80 - create IPUIPlugin
2024-06-26 09:47:34,853 [INFO] PluginManager:220 - loadIPPluginJar : add touchsensing
2024-06-26 09:47:34,867 [INFO] IPUIPlugin:80 - create IPUIPlugin
2024-06-26 09:47:34,867 [INFO] PluginManager:220 - loadIPPluginJar : add tracer_emb
2024-06-26 09:47:34,881 [INFO] IPUIPlugin:80 - create IPUIPlugin
2024-06-26 09:47:34,881 [INFO] PluginManager:220 - loadIPPluginJar : add ts
2024-06-26 09:47:34,894 [INFO] IPUIPlugin:80 - create IPUIPlugin
2024-06-26 09:47:34,894 [INFO] PluginManager:220 - loadIPPluginJar : add tsc
2024-06-26 09:47:34,907 [INFO] IPUIPlugin:80 - create IPUIPlugin
2024-06-26 09:47:34,907 [INFO] PluginManager:220 - loadIPPluginJar : add ucpd
2024-06-26 09:47:34,932 [INFO] IPUIPlugin:80 - create IPUIPlugin
2024-06-26 09:47:34,932 [INFO] PluginManager:220 - loadIPPluginJar : add usart
2024-06-26 09:47:34,955 [INFO] IPUIPlugin:80 - create IPUIPlugin
2024-06-26 09:47:34,955 [INFO] PluginManager:220 - loadIPPluginJar : add usbx
2024-06-26 09:47:35,055 [INFO] CADModel:165 - CPN selected for project level
2024-06-26 09:47:35,055 [INFO] CADModel:114 - Register for checkConnection events
2024-06-26 09:47:35,055 [FATAL] Updater:308 - Updater called before beeing initialized
2024-06-26 09:47:35,055 [ERROR] CADModel:125 - Updater not yet initialized, retry later 
2024-06-26 09:47:35,142 [INFO] CADModel:165 - CPN selected for project level
2024-06-26 09:47:35,142 [INFO] CADModel:114 - Register for checkConnection events
2024-06-26 09:47:35,142 [FATAL] Updater:308 - Updater called before beeing initialized
2024-06-26 09:47:35,142 [ERROR] CADModel:125 - Updater not yet initialized, retry later 
2024-06-26 09:47:35,144 [FATAL] Updater:308 - Updater called before beeing initialized
2024-06-26 09:47:35,195 [FATAL] Updater:308 - Updater called before beeing initialized
2024-06-26 09:47:35,202 [INFO] DbMcusAds:53 - JSON generation date=Thu May 16 05:22:00 EDT 2024 (1715851320852)
2024-06-26 09:47:35,203 [FATAL] Updater:308 - Updater called before beeing initialized
2024-06-26 09:47:35,250 [WARN] DetailPanel:346 - Failed to get advertising image, set to default
2024-06-26 09:47:35,296 [FATAL] Updater:308 - Updater called before beeing initialized
2024-06-26 09:47:35,298 [FATAL] Updater:308 - Updater called before beeing initialized
2024-06-26 09:47:35,298 [FATAL] Updater:308 - Updater called before beeing initialized
2024-06-26 09:47:35,298 [WARN] DetailPanel:346 - Failed to get advertising image, set to default
2024-06-26 09:47:35,298 [FATAL] Updater:308 - Updater called before beeing initialized
2024-06-26 09:47:35,332 [ERROR] Updater:1120 - MainUpdater not yet initialized. External WinMGr cannot be set.
2024-06-26 09:47:35,337 [INFO] Updater:1056 - Updater Version found : 6.11.1
2024-06-26 09:47:35,350 [INFO] ApplicationProperties:184 - Using Application install path: C:\ST\STM32CubeIDE_1.15.1\STM32CubeIDE\plugins\com.st.stm32cube.common.mx_6.11.1.202404110753
2024-06-26 09:47:36,619 [INFO] ThirdPartyUpdaterWithRetryManager:70 - Updater plugin not ready yet. [2/15]
2024-06-26 09:47:36,918 [ERROR] LogOutputStream:75 - [STDERR_REDIRECT] Jun 26, 2024 9:47:36 AM java.util.prefs.WindowsPreferences <init>
2024-06-26 09:47:36,918 [ERROR] LogOutputStream:75 - [STDERR_REDIRECT] WARNING: Could not open/create prefs root node Software\JavaSoft\Prefs at root 0xffffffff80000002. Windows RegCreateKeyEx(...) returned error code 5.
2024-06-26 09:47:36,918 [ERROR] LogOutputStream:75 - [STDERR_REDIRECT] 
2024-06-26 09:47:37,142 [INFO] MainUpdater:2873 - connection check result : 10
2024-06-26 09:47:37,142 [INFO] MainUpdater:3567 - Updater definition file requires update
2024-06-26 09:47:37,142 [INFO] MainUpdater:290 - Updater Check For Update Now.
2024-06-26 09:47:37,142 [INFO] MicroXplorer:498 - Change Database Version : DB.6.0.111
2024-06-26 09:47:37,157 [INFO] McuFinderGlobals:63 - Set McuFinder mode to 2 (CubeIDE integrated)
2024-06-26 09:47:37,163 [INFO] UserAuth:415 - Internet connection configuration mode: 1
2024-06-26 09:47:37,175 [INFO] JxBrowserEngine:152 - Initiate JxBrowser Engine with user profile folder
2024-06-26 09:47:37,252 [INFO] ServerAccessManage:473 - Download File updaters.zip
2024-06-26 09:47:37,424 [INFO] FileExtend:240 - Unzip File : updaters.zip
2024-06-26 09:47:37,424 [INFO] FileExtend:255 - Standard Zip Deflate
2024-06-26 09:47:37,716 [INFO] ServerAccessManage:473 - Download File PacksControlFlags.xml
2024-06-26 09:47:37,849 [INFO] ServerAccessManage:473 - Download File cubemx.pidx
2024-06-26 09:47:38,413 [INFO] ServerAccessManage:473 - Download File STMicroelectronics.X-CUBE-TOUCHGFX.pdsc
2024-06-26 09:47:39,552 [INFO] WebApp:161 - Instantiating new browser for Auth
2024-06-26 09:47:39,620 [WARN] MainUpdater:1194 - Updater busy. Cannot search thirdparties
2024-06-26 09:47:39,620 [INFO] ThirdPartyUpdaterWithRetryManager:96 - Updater plugin is busy. [1/15]
2024-06-26 09:47:39,894 [INFO] WebApp:779 - Register for checkConnection events
2024-06-26 09:47:39,895 [INFO] WebApp:414 - Apply proxy settings
2024-06-26 09:47:39,895 [INFO] WebApp:499 - Chromium requires no authentication
2024-06-26 09:47:39,899 [INFO] WebApp:442 - Direct internet connection detected
2024-06-26 09:47:39,991 [INFO] WebApp:192 - Starting web application
2024-06-26 09:47:39,992 [INFO] WebApp:544 - Web application path used C:\ST\STM32CubeIDE_1.15.1\STM32CubeIDE\plugins\com.st.stm32cube.common.mx_6.11.1.202404110753\db\plugins\mcufinder\reactClient1\index.html
2024-06-26 09:47:40,505 [WARN] PackLoader:240 - Cannot read IP mode file for STMicroelectronics.X-CUBE-TOUCHGFX.4.24.0
2024-06-26 09:47:40,505 [INFO] PopulateThirdPartyThread:66 - Ending populate Thread
2024-06-26 09:47:40,506 [INFO] ThirdParty:1030 - CMSIS Pack Vendor :STMicroelectronics X-CUBE-TOUCHGFX 4.24.0
2024-06-26 09:47:40,506 [INFO] LoadServerUpdatesThread:375 - End of LoadServerUpdate Thread
2024-06-26 09:47:40,590 [INFO] CheckServerUpdateThread:120 - End of CheckServer Thread
2024-06-26 09:47:42,698 [WARN] PackLoader:240 - Cannot read IP mode file for STMicroelectronics.FP-SNS-MOTENVWB1.1.4.0
2024-06-26 09:47:42,709 [WARN] PackLoader:240 - Cannot read IP mode file for STMicroelectronics.X-CUBE-SMBUS.2.1.0
2024-06-26 09:47:42,718 [WARN] PackLoader:240 - Cannot read IP mode file for STMicroelectronics.X-CUBE-TOUCHGFX.4.23.2
2024-06-26 09:47:42,741 [WARN] PackLoader:240 - Cannot read IP mode file for STMicroelectronics.X-CUBE-AZRTOS-F7.1.1.0
2024-06-26 09:47:42,747 [WARN] PackLoader:240 - Cannot read IP mode file for STMicroelectronics.FP-SNS-FLIGHT1.5.0.2
2024-06-26 09:47:42,757 [WARN] PackLoader:240 - Cannot read IP mode file for STMicroelectronics.X-CUBE-DISPLAY.3.0.0
2024-06-26 09:47:42,771 [WARN] PackLoader:240 - Cannot read IP mode file for STMicroelectronics.X-CUBE-BLE1.7.0.0
2024-06-26 09:47:42,781 [WARN] PackLoader:240 - Cannot read IP mode file for emotas.I-CUBE-CANOPEN.1.3.0
2024-06-26 09:47:42,793 [WARN] PackLoader:240 - Cannot read IP mode file for STMicroelectronics.X-CUBE-BLEMGR.3.1.0
2024-06-26 09:47:42,804 [WARN] PackLoader:240 - Cannot read IP mode file for STMicroelectronics.FP-SNS-SMARTAG2.1.2.0
2024-06-26 09:47:42,817 [INFO] LogOutputStream:77 - [STDOUT_REDIRECT] 1 : Invalid condition id : UX_CORESTACK_Condition cause : null
2024-06-26 09:47:42,817 [INFO] LogOutputStream:77 - [STDOUT_REDIRECT] 1 : Invalid condition id : UX_CORESTACK_Condition cause : null
2024-06-26 09:47:42,818 [INFO] LogOutputStream:77 - [STDOUT_REDIRECT] 1 : Invalid condition id : UX_CORESTACK_Condition cause : null
2024-06-26 09:47:42,818 [INFO] LogOutputStream:77 - [STDOUT_REDIRECT] 1 : Invalid condition id : UX_CORESTACK_Condition cause : null
2024-06-26 09:47:42,818 [INFO] LogOutputStream:77 - [STDOUT_REDIRECT] 1 : Invalid condition id : UX_CORESTACK_Condition cause : null
2024-06-26 09:47:42,820 [WARN] PackLoader:240 - Cannot read IP mode file for STMicroelectronics.X-CUBE-AZRTOS-WL.2.0.0
2024-06-26 09:47:42,830 [WARN] PackLoader:240 - Cannot read IP mode file for STMicroelectronics.FP-SNS-MOTENV1.5.0.0
2024-06-26 09:47:42,832 [WARN] PackLoader:240 - Cannot read IP mode file for wolfSSL.I-CUBE-wolfMQTT.1.19.0
2024-06-26 09:47:42,841 [WARN] PackLoader:240 - Cannot read IP mode file for WES.I-CUBE-Cesium.1.3.0
2024-06-26 09:47:42,847 [WARN] PackLoader:240 - Cannot read IP mode file for STMicroelectronics.X-CUBE-BLE2.3.3.0
2024-06-26 09:47:42,861 [WARN] PackLoader:240 - Cannot read IP mode file for STMicroelectronics.X-CUBE-TCPP.4.1.0
2024-06-26 09:47:42,883 [WARN] PackLoader:240 - Cannot read IP mode file for STMicroelectronics.X-CUBE-AZRTOS-G0.1.1.0
2024-06-26 09:47:42,893 [WARN] PackLoader:240 - Cannot read IP mode file for STMicroelectronics.X-CUBE-SAFEA1.1.2.2
2024-06-26 09:47:42,901 [WARN] PackLoader:240 - Cannot read IP mode file for STMicroelectronics.X-CUBE-NFC4.3.0.0
2024-06-26 09:47:42,912 [WARN] PackLoader:240 - Cannot read IP mode file for wolfSSL.I-CUBE-wolfSSL.5.7.0
2024-06-26 09:47:42,915 [WARN] PackLoader:240 - Cannot read IP mode file for STMicroelectronics.FP-ATR-SIGFOX1.3.2.0
2024-06-26 09:47:42,930 [WARN] PackLoader:240 - Cannot read IP mode file for STMicroelectronics.X-CUBE-EEPRMA1.5.1.0
2024-06-26 09:47:42,944 [WARN] PackLoader:240 - Cannot read IP mode file for ITTIA_DB.I-CUBE-ITTIADB.8.9.0
2024-06-26 09:47:42,966 [WARN] PackLoader:240 - Cannot read IP mode file for SEGGER.I-CUBE-embOS.1.3.1
2024-06-26 09:47:42,993 [WARN] PackLoader:240 - Cannot read IP mode file for STMicroelectronics.X-CUBE-ALGOBUILD.1.4.0
2024-06-26 09:47:43,005 [WARN] PackLoader:240 - Cannot read IP mode file for STMicroelectronics.X-CUBE-GNSS1.6.0.0
2024-06-26 09:47:43,027 [WARN] PackLoader:240 - Cannot read IP mode file for STMicroelectronics.X-CUBE-AZRTOS-F4.1.1.0
2024-06-26 09:47:43,038 [WARN] PackLoader:240 - Cannot read IP mode file for STMicroelectronics.X-CUBE-FREERTOS.1.2.0
2024-06-26 09:47:43,058 [WARN] PackLoader:240 - Cannot read IP mode file for STMicroelectronics.X-CUBE-AZRTOS-L5.2.0.0
2024-06-26 09:47:43,069 [WARN] PackLoader:240 - Cannot read IP mode file for STMicroelectronics.X-CUBE-NFC6.3.1.0
2024-06-26 09:47:43,083 [WARN] PackLoader:240 - Cannot read IP mode file for STMicroelectronics.X-CUBE-AI.9.0.0
2024-06-26 09:47:43,095 [WARN] PackLoader:240 - Cannot read IP mode file for STMicroelectronics.X-CUBE-NFC7.1.0.1
2024-06-26 09:47:43,115 [WARN] ConditionMgr:438 - getConditionDescription Invalid condition id : LAN8742 Phy interface Condition cause : null
2024-06-26 09:47:43,115 [WARN] PackLoader:240 - Cannot read IP mode file for STMicroelectronics.X-CUBE-AZRTOS-L4.2.0.0
2024-06-26 09:47:43,117 [WARN] ConditionMgr:1039 - genDependencies : Invalid condition id : LAN8742 Phy interface Condition cause : null
2024-06-26 09:47:43,117 [WARN] ConditionMgr:1039 - genDependencies : Invalid condition id : LAN8742 Phy interface Condition cause : null
2024-06-26 09:47:43,117 [WARN] ConditionMgr:1039 - genDependencies : Invalid condition id : LAN8742 Phy interface Condition cause : null
2024-06-26 09:47:43,133 [WARN] PackLoader:240 - Cannot read IP mode file for STMicroelectronics.X-CUBE-SFXS2LP1.4.0.0
2024-06-26 09:47:43,155 [WARN] ConditionMgr:438 - getConditionDescription Invalid condition id : UX DEVICE CLASS RTOS Condition cause : null
2024-06-26 09:47:43,155 [WARN] ConditionMgr:438 - getConditionDescription Invalid condition id : UX DEVICE CLASS RTOS Condition cause : null
2024-06-26 09:47:43,156 [WARN] PackLoader:240 - Cannot read IP mode file for STMicroelectronics.X-CUBE-AZRTOS-WB.2.0.0
2024-06-26 09:47:43,156 [WARN] ConditionMgr:1039 - genDependencies : Invalid condition id : UX DEVICE CLASS RTOS Condition cause : null
2024-06-26 09:47:43,156 [WARN] ConditionMgr:1039 - genDependencies : Invalid condition id : UX DEVICE CLASS RTOS Condition cause : null
2024-06-26 09:47:43,156 [WARN] ConditionMgr:1039 - genDependencies : Invalid condition id : UX DEVICE CLASS RTOS Condition cause : null
2024-06-26 09:47:43,157 [WARN] ConditionMgr:1039 - genDependencies : Invalid condition id : UX DEVICE CLASS RTOS Condition cause : null
2024-06-26 09:47:43,157 [WARN] ConditionMgr:1039 - genDependencies : Invalid condition id : UX DEVICE CLASS RTOS Condition cause : null
2024-06-26 09:47:43,172 [WARN] PackLoader:240 - Cannot read IP mode file for STMicroelectronics.X-CUBE-SUBG2.5.0.0
2024-06-26 09:47:43,176 [WARN] PackLoader:240 - Cannot read IP mode file for Cesanta.I-CUBE-Mongoose.7.13.0
2024-06-26 09:47:43,192 [WARN] PackLoader:240 - Cannot read IP mode file for STMicroelectronics.X-CUBE-AZRTOS-G4.2.0.0
2024-06-26 09:47:43,207 [WARN] PackLoader:240 - Cannot read IP mode file for STMicroelectronics.X-CUBE-ISPU.2.0.0
2024-06-26 09:47:43,227 [WARN] PackLoader:240 - Cannot read IP mode file for STMicroelectronics.X-CUBE-ALS.1.0.2
2024-06-26 09:47:43,253 [WARN] PackLoader:240 - Cannot read IP mode file for STMicroelectronics.X-CUBE-MEMS1.10.0.0
2024-06-26 09:47:43,284 [WARN] PackLoader:240 - Cannot read IP mode file for STMicroelectronics.X-CUBE-TOUCHGFX.4.24.0
2024-06-26 09:47:43,295 [WARN] PackLoader:240 - Cannot read IP mode file for portGmbH.I-Cube-SoM-uGOAL.1.1.0
2024-06-26 09:47:43,310 [WARN] PackLoader:240 - Cannot read IP mode file for STMicroelectronics.X-CUBE-AZRTOS-H7RS.1.0.0
2024-06-26 09:47:43,313 [WARN] PackLoader:240 - Cannot read IP mode file for STMicroelectronics.FP-ATR-ASTRA1.2.0.0
2024-06-26 09:47:43,332 [WARN] PackLoader:240 - Cannot read IP mode file for STMicroelectronics.X-CUBE-TOF1.3.4.1
2024-06-26 09:47:43,357 [WARN] PackLoader:240 - Cannot read IP mode file for STMicroelectronics.X-CUBE-AZRTOS-H7.3.2.0
2024-06-26 09:47:43,376 [WARN] PackLoader:240 - Cannot read IP mode file for Infineon.AIROC-Wi-Fi-Bluetooth-STM32.1.6.0
2024-06-26 09:47:43,378 [INFO] ThirdParty:978 - Integrity check success = true
2024-06-26 09:47:43,378 [INFO] IntegrityCheckThread:100 - exiting critical section [integrity check]
2024-06-26 09:47:43,378 [INFO] IntegrityCheckThread:103 - End integrity checks thread
