2024-06-19 15:39:06,654 [ERROR] LogOutputStream:75 - [STDERR_REDIRECT] 
2024-06-19 15:40:04,876 [INFO] Activator:176 - 


2024-06-19 15:40:04,877 [INFO] Activator:177 - !SESSION log4j initialized
2024-06-19 15:40:08,352 [INFO] LogOutputStream:77 - [STDOUT_REDIRECT] 
2024-06-19 15:40:09,106 [INFO] ApplicationProperties:184 - Using Application install path: C:\ST\STM32CubeIDE_1.15.1\STM32CubeIDE\plugins\com.st.stm32cube.common.mx_6.11.1.202404110753
2024-06-19 15:40:09,117 [INFO] DbMcusXml:78 - Set database path to: C:\ST\STM32CubeIDE_1.15.1\STM32CubeIDE\plugins\com.st.stm32cube.common.mx_6.11.1.202404110753\\db\/mcu/
2024-06-19 15:40:09,117 [INFO] ApiDb:274 - Set plugin database path to: C:\ST\STM32CubeIDE_1.15.1\STM32CubeIDE\plugins\com.st.stm32cube.common.mx_6.11.1.202404110753\\db\/plugins/boardmanager/
2024-06-19 15:40:09,117 [WARN] ApiDb:259 - Overriding images path with different value:  => C:\ST\STM32CubeIDE_1.15.1\STM32CubeIDE\plugins\com.st.stm32cube.common.mx_6.11.1.202404110753\\db\/plugins/mcufinder/images/
2024-06-19 15:40:09,120 [INFO] ApiDb:250 - Set database path to: C:\Users\alin_\.stmcufinder\plugins\mcufinder//mcu/
2024-06-19 15:40:09,120 [INFO] DbMcusAds:125 - Set database path to: C:\Users\alin_\.stmcufinder\plugins\mcufinder//mcu/
2024-06-19 15:40:09,121 [INFO] CrossReferenceDbSqlite:203 - Set database path to: C:\Users\alin_\.stmcufinder\plugins\mcufinder//mcu/cs/
2024-06-19 15:40:09,179 [INFO] RulesReader:64 - Compatibility file has been processed (297 Rules)
2024-06-19 15:40:09,221 [INFO] DbMcusXml:78 - Set database path to: C:\ST\STM32CubeIDE_1.15.1\STM32CubeIDE\plugins\com.st.stm32cube.common.mx_6.11.1.202404110753\\db\/mcu/
2024-06-19 15:40:09,221 [INFO] ApiDb:274 - Set plugin database path to: C:\ST\STM32CubeIDE_1.15.1\STM32CubeIDE\plugins\com.st.stm32cube.common.mx_6.11.1.202404110753\\db\/plugins/boardmanager/
2024-06-19 15:40:09,221 [INFO] ApiDb:261 - Set plugin images path to: C:\ST\STM32CubeIDE_1.15.1\STM32CubeIDE\plugins\com.st.stm32cube.common.mx_6.11.1.202404110753\\db\/plugins/mcufinder/images/
2024-06-19 15:40:09,221 [WARN] DbFile:41 - Overriding database path with different value: C:\Users\alin_\.stmcufinder\plugins\mcufinder/ => C:\Users\alin_\.stmcufinder\plugins\mcufinder
2024-06-19 15:40:09,221 [INFO] ApiDb:250 - Set database path to: C:\Users\alin_\.stmcufinder\plugins\mcufinder//mcu/
2024-06-19 15:40:09,221 [WARN] DbFile:41 - Overriding database path with different value: C:\Users\alin_\.stmcufinder\plugins\mcufinder/ => C:\Users\alin_\.stmcufinder\plugins\mcufinder
2024-06-19 15:40:09,221 [INFO] DbMcusAds:125 - Set database path to: C:\Users\alin_\.stmcufinder\plugins\mcufinder//mcu/
2024-06-19 15:40:09,221 [WARN] DbFile:41 - Overriding database path with different value: C:\Users\alin_\.stmcufinder\plugins\mcufinder/ => C:\Users\alin_\.stmcufinder\plugins\mcufinder
2024-06-19 15:40:09,221 [WARN] DbFile:41 - Overriding database path with different value: C:\Users\alin_\.stmcufinder\plugins\mcufinder/ => C:\Users\alin_\.stmcufinder\plugins\mcufinder
2024-06-19 15:40:09,221 [INFO] CrossReferenceDbSqlite:203 - Set database path to: C:\Users\alin_\.stmcufinder\plugins\mcufinder//mcu/cs/
2024-06-19 15:40:09,257 [INFO] MainPanel:264 - HeapMemory: 268435456
2024-06-19 15:40:09,294 [INFO] DbMcusXml:78 - Set database path to: C:\ST\STM32CubeIDE_1.15.1\STM32CubeIDE\plugins\com.st.stm32cube.common.mx_6.11.1.202404110753\\db\/mcu/
2024-06-19 15:40:09,295 [INFO] ApiDb:274 - Set plugin database path to: C:\ST\STM32CubeIDE_1.15.1\STM32CubeIDE\plugins\com.st.stm32cube.common.mx_6.11.1.202404110753\\db\/plugins/boardmanager/
2024-06-19 15:40:09,295 [INFO] ApiDb:261 - Set plugin images path to: C:\ST\STM32CubeIDE_1.15.1\STM32CubeIDE\plugins\com.st.stm32cube.common.mx_6.11.1.202404110753\\db\/plugins/mcufinder/images/
2024-06-19 15:40:09,295 [WARN] DbFile:41 - Overriding database path with different value: C:\Users\alin_\.stmcufinder\plugins\mcufinder/ => C:\Users\alin_\.stmcufinder\plugins\mcufinder
2024-06-19 15:40:09,295 [INFO] ApiDb:250 - Set database path to: C:\Users\alin_\.stmcufinder\plugins\mcufinder//mcu/
2024-06-19 15:40:09,295 [WARN] DbFile:41 - Overriding database path with different value: C:\Users\alin_\.stmcufinder\plugins\mcufinder/ => C:\Users\alin_\.stmcufinder\plugins\mcufinder
2024-06-19 15:40:09,295 [INFO] DbMcusAds:125 - Set database path to: C:\Users\alin_\.stmcufinder\plugins\mcufinder//mcu/
2024-06-19 15:40:09,295 [WARN] DbFile:41 - Overriding database path with different value: C:\Users\alin_\.stmcufinder\plugins\mcufinder/ => C:\Users\alin_\.stmcufinder\plugins\mcufinder
2024-06-19 15:40:09,295 [WARN] DbFile:41 - Overriding database path with different value: C:\Users\alin_\.stmcufinder\plugins\mcufinder/ => C:\Users\alin_\.stmcufinder\plugins\mcufinder
2024-06-19 15:40:09,295 [INFO] CrossReferenceDbSqlite:203 - Set database path to: C:\Users\alin_\.stmcufinder\plugins\mcufinder//mcu/cs/
2024-06-19 15:40:09,303 [INFO] ApplicationProperties:184 - Using Application install path: C:\ST\STM32CubeIDE_1.15.1\STM32CubeIDE\plugins\com.st.stm32cube.common.mx_6.11.1.202404110753
2024-06-19 15:40:09,304 [INFO] PluginManage:196 - Search for loadable plugins [exclusion list=, ]
2024-06-19 15:40:09,305 [INFO] PluginManage:310 - Check plugin analytics
2024-06-19 15:40:09,400 [INFO] AnalyticsPlugin:253 - Accepted Software Licenses: 
2024-06-19 15:40:09,401 [INFO] AnalyticsPlugin:255 - Accepted CMSIS Pack Licenses: 
2024-06-19 15:40:09,401 [INFO] AnalyticsPlugin:257 - Accepted Firmware Licenses: FW.F4.1.28.0
2024-06-19 15:40:09,403 [INFO] PluginManage:359 - Loaded plugin analytics (category:tool,tabindex:-1)
2024-06-19 15:40:09,403 [INFO] PluginManage:310 - Check plugin cadmodel
2024-06-19 15:40:09,411 [INFO] CADModel:105 - Init CAD model plugin
2024-06-19 15:40:09,412 [INFO] PluginManage:359 - Loaded plugin cadmodel (category:power,tabindex:5)
2024-06-19 15:40:09,412 [INFO] PluginManage:310 - Check plugin clock
2024-06-19 15:40:09,423 [INFO] PluginManage:359 - Loaded plugin clock (category:base,tabindex:2)
2024-06-19 15:40:09,424 [INFO] PluginManage:310 - Check plugin ddr
2024-06-19 15:40:09,425 [INFO] PluginManage:359 - Loaded plugin ddr (category:tool,tabindex:6)
2024-06-19 15:40:09,425 [INFO] PluginManage:310 - Check plugin filemanager
2024-06-19 15:40:09,509 [INFO] PluginManage:359 - Loaded plugin filemanager (category:base,tabindex:10)
2024-06-19 15:40:09,509 [INFO] PluginManage:310 - Check plugin ipmanager
2024-06-19 15:40:09,512 [INFO] PluginManage:359 - Loaded plugin ipmanager (category:base,tabindex:5)
2024-06-19 15:40:09,513 [INFO] PluginManage:310 - Check plugin lpbam
2024-06-19 15:40:09,523 [INFO] PluginManage:359 - Loaded plugin lpbam (category:base,tabindex:0)
2024-06-19 15:40:09,523 [INFO] PluginManage:310 - Check plugin memorymap
2024-06-19 15:40:09,534 [INFO] PluginManage:359 - Loaded plugin memorymap (category:base,tabindex:4)
2024-06-19 15:40:09,534 [INFO] PluginManage:310 - Check plugin pinoutandconfiguration
2024-06-19 15:40:09,543 [INFO] PluginManage:359 - Loaded plugin pinoutandconfiguration (category:base,tabindex:1)
2024-06-19 15:40:09,543 [INFO] PluginManage:310 - Check plugin pinoutconfig
2024-06-19 15:40:09,590 [WARN] SupportedApi:132 - Cannot load RTOS API schema: s4s-elt-must-match.1: The content of 'definitions' must match (annotation?, (simpleType | complexType)?, (unique | key | keyref)*)). A problem was found starting at: attribute.
2024-06-19 15:40:09,655 [INFO] PluginManage:359 - Loaded plugin pinoutconfig (category:base,tabindex:0)
2024-06-19 15:40:09,655 [INFO] PluginManage:310 - Check plugin power
2024-06-19 15:40:09,664 [INFO] PluginManage:359 - Loaded plugin power (category:power,tabindex:4)
2024-06-19 15:40:09,664 [INFO] PluginManage:310 - Check plugin projectmanager
2024-06-19 15:40:09,673 [INFO] PluginManage:359 - Loaded plugin projectmanager (category:projectmanager,tabindex:3)
2024-06-19 15:40:09,673 [INFO] PluginManage:310 - Check plugin thirdparty
2024-06-19 15:40:09,814 [INFO] PluginManage:359 - Loaded plugin thirdparty (category:base,tabindex:-1)
2024-06-19 15:40:09,814 [INFO] PluginManage:310 - Check plugin tools
2024-06-19 15:40:09,814 [WARN] IntegrityCheckThread:84 - waiting for thirdparty lock release [integrity check]
2024-06-19 15:40:09,814 [INFO] IntegrityCheckThread:86 - entering critical section [integrity check]
2024-06-19 15:40:09,814 [INFO] ThirdPartyUpdaterWithRetryManager:70 - Updater plugin not ready yet. [1/15]
2024-06-19 15:40:09,833 [INFO] PluginManage:359 - Loaded plugin tools (category:base,tabindex:7)
2024-06-19 15:40:09,833 [INFO] PluginManage:310 - Check plugin tutovideos
2024-06-19 15:40:09,927 [INFO] PluginManage:359 - Loaded plugin tutovideos (category:base,tabindex:-1)
2024-06-19 15:40:09,927 [INFO] PluginManage:310 - Check plugin updater
2024-06-19 15:40:09,933 [INFO] PluginManage:359 - Loaded plugin updater (category:base,tabindex:12)
2024-06-19 15:40:09,933 [INFO] PluginManage:310 - Check plugin userauth
2024-06-19 15:40:09,936 [INFO] UserAuth:114 - Init User Auth plugin
2024-06-19 15:40:09,936 [INFO] PluginManage:359 - Loaded plugin userauth (category:base,tabindex:14)
2024-06-19 15:40:09,936 [INFO] PluginManage:283 - PluginManage : Loaded plugins [17]
2024-06-19 15:40:10,045 [INFO] PinOutPanel:1561 - setPackage(No Configuration,No Configuration)
2024-06-19 15:40:10,081 [INFO] CADModel:165 - CPN selected for project level
2024-06-19 15:40:10,081 [INFO] CADModel:114 - Register for checkConnection events
2024-06-19 15:40:10,098 [INFO] IPUIPlugin:80 - create IPUIPlugin
2024-06-19 15:40:10,098 [INFO] PluginManager:220 - loadIPPluginJar : add adc
2024-06-19 15:40:10,118 [INFO] IPUIPlugin:80 - create IPUIPlugin
2024-06-19 15:40:10,119 [INFO] PluginManager:220 - loadIPPluginJar : add aes
2024-06-19 15:40:10,140 [INFO] IPUIPlugin:80 - create IPUIPlugin
2024-06-19 15:40:10,140 [INFO] PluginManager:220 - loadIPPluginJar : add can
2024-06-19 15:40:10,153 [INFO] IPUIPlugin:80 - create IPUIPlugin
2024-06-19 15:40:10,153 [INFO] PluginManager:220 - loadIPPluginJar : add comp
2024-06-19 15:40:10,170 [INFO] IPUIPlugin:80 - create IPUIPlugin
2024-06-19 15:40:10,171 [INFO] PluginManager:220 - loadIPPluginJar : add cryp
2024-06-19 15:40:10,187 [INFO] IPUIPlugin:80 - create IPUIPlugin
2024-06-19 15:40:10,187 [INFO] PluginManager:220 - loadIPPluginJar : add dfsdm
2024-06-19 15:40:10,195 [INFO] IPUIPlugin:80 - create IPUIPlugin
2024-06-19 15:40:10,195 [INFO] PluginManager:220 - loadIPPluginJar : add dma
2024-06-19 15:40:10,220 [INFO] IPUIPlugin:80 - create IPUIPlugin
2024-06-19 15:40:10,220 [INFO] PluginManager:220 - loadIPPluginJar : add dma3
2024-06-19 15:40:10,245 [INFO] IPUIPlugin:80 - create IPUIPlugin
2024-06-19 15:40:10,245 [INFO] PluginManager:220 - loadIPPluginJar : add extmemmanager
2024-06-19 15:40:10,257 [INFO] IPUIPlugin:80 - create IPUIPlugin
2024-06-19 15:40:10,257 [INFO] PluginManager:220 - loadIPPluginJar : add fatfs
2024-06-19 15:40:10,284 [INFO] IPUIPlugin:80 - create IPUIPlugin
2024-06-19 15:40:10,284 [INFO] PluginManager:220 - loadIPPluginJar : add fmc
2024-06-19 15:40:10,292 [INFO] IPUIPlugin:80 - create IPUIPlugin
2024-06-19 15:40:10,292 [INFO] PluginManager:220 - loadIPPluginJar : add freertos
2024-06-19 15:40:10,305 [INFO] IPUIPlugin:80 - create IPUIPlugin
2024-06-19 15:40:10,305 [INFO] PluginManager:220 - loadIPPluginJar : add genericplugin
2024-06-19 15:40:10,356 [INFO] IPUIPlugin:80 - create IPUIPlugin
2024-06-19 15:40:10,356 [INFO] PluginManager:220 - loadIPPluginJar : add gfxmmu
2024-06-19 15:40:10,429 [INFO] IPUIPlugin:80 - create IPUIPlugin
2024-06-19 15:40:10,430 [INFO] PluginManager:220 - loadIPPluginJar : add gic
2024-06-19 15:40:10,437 [INFO] IPUIPlugin:80 - create IPUIPlugin
2024-06-19 15:40:10,437 [INFO] PluginManager:220 - loadIPPluginJar : add gpio
2024-06-19 15:40:10,487 [INFO] IPUIPlugin:80 - create IPUIPlugin
2024-06-19 15:40:10,487 [INFO] PluginManager:220 - loadIPPluginJar : add gtzc
2024-06-19 15:40:10,505 [INFO] IPUIPlugin:80 - create IPUIPlugin
2024-06-19 15:40:10,505 [INFO] PluginManager:220 - loadIPPluginJar : add hash
2024-06-19 15:40:10,534 [INFO] IPUIPlugin:80 - create IPUIPlugin
2024-06-19 15:40:10,534 [INFO] PluginManager:220 - loadIPPluginJar : add i2c
2024-06-19 15:40:10,555 [INFO] IPUIPlugin:80 - create IPUIPlugin
2024-06-19 15:40:10,555 [INFO] PluginManager:220 - loadIPPluginJar : add i2s
2024-06-19 15:40:10,578 [INFO] IPUIPlugin:80 - create IPUIPlugin
2024-06-19 15:40:10,578 [INFO] PluginManager:220 - loadIPPluginJar : add i3c
2024-06-19 15:40:10,633 [INFO] IPUIPlugin:80 - create IPUIPlugin
2024-06-19 15:40:10,634 [INFO] PluginManager:220 - loadIPPluginJar : add ipddr
2024-06-19 15:40:10,684 [INFO] IPUIPlugin:80 - create IPUIPlugin
2024-06-19 15:40:10,685 [INFO] PluginManager:220 - loadIPPluginJar : add linkedlist
2024-06-19 15:40:10,704 [INFO] IPUIPlugin:80 - create IPUIPlugin
2024-06-19 15:40:10,704 [INFO] PluginManager:220 - loadIPPluginJar : add lorawan
2024-06-19 15:40:10,724 [INFO] IPUIPlugin:80 - create IPUIPlugin
2024-06-19 15:40:10,724 [INFO] PluginManager:220 - loadIPPluginJar : add ltdc
2024-06-19 15:40:10,732 [INFO] IPUIPlugin:80 - create IPUIPlugin
2024-06-19 15:40:10,732 [INFO] PluginManager:220 - loadIPPluginJar : add mdma
2024-06-19 15:40:10,738 [INFO] IPUIPlugin:80 - create IPUIPlugin
2024-06-19 15:40:10,738 [INFO] PluginManager:220 - loadIPPluginJar : add nvic
2024-06-19 15:40:10,758 [INFO] IPUIPlugin:80 - create IPUIPlugin
2024-06-19 15:40:10,758 [INFO] PluginManager:220 - loadIPPluginJar : add opamp
2024-06-19 15:40:10,791 [INFO] IPUIPlugin:80 - create IPUIPlugin
2024-06-19 15:40:10,791 [INFO] PluginManager:220 - loadIPPluginJar : add openamp
2024-06-19 15:40:10,814 [INFO] IPUIPlugin:80 - create IPUIPlugin
2024-06-19 15:40:10,814 [INFO] PluginManager:220 - loadIPPluginJar : add pdm2pcm
2024-06-19 15:40:10,822 [INFO] IPUIPlugin:80 - create IPUIPlugin
2024-06-19 15:40:10,824 [INFO] PluginManager:220 - loadIPPluginJar : add plateformsettings
2024-06-19 15:40:10,835 [INFO] IPUIPlugin:80 - create IPUIPlugin
2024-06-19 15:40:10,835 [INFO] PluginManager:220 - loadIPPluginJar : add quadspi
2024-06-19 15:40:10,842 [INFO] IPUIPlugin:80 - create IPUIPlugin
2024-06-19 15:40:10,842 [INFO] PluginManager:220 - loadIPPluginJar : add resmgrutility
2024-06-19 15:40:10,868 [INFO] IPUIPlugin:80 - create IPUIPlugin
2024-06-19 15:40:10,868 [INFO] PluginManager:220 - loadIPPluginJar : add sai
2024-06-19 15:40:10,888 [INFO] IPUIPlugin:80 - create IPUIPlugin
2024-06-19 15:40:10,888 [INFO] PluginManager:220 - loadIPPluginJar : add spi
2024-06-19 15:40:10,934 [INFO] IPUIPlugin:80 - create IPUIPlugin
2024-06-19 15:40:10,934 [INFO] PluginManager:220 - loadIPPluginJar : add stm32_wpan
2024-06-19 15:40:10,948 [INFO] IPUIPlugin:80 - create IPUIPlugin
2024-06-19 15:40:10,948 [INFO] PluginManager:220 - loadIPPluginJar : add tim
2024-06-19 15:40:10,982 [INFO] IPUIPlugin:80 - create IPUIPlugin
2024-06-19 15:40:10,982 [INFO] PluginManager:220 - loadIPPluginJar : add touchsensing
2024-06-19 15:40:10,994 [INFO] IPUIPlugin:80 - create IPUIPlugin
2024-06-19 15:40:10,994 [INFO] PluginManager:220 - loadIPPluginJar : add tracer_emb
2024-06-19 15:40:11,011 [INFO] IPUIPlugin:80 - create IPUIPlugin
2024-06-19 15:40:11,011 [INFO] PluginManager:220 - loadIPPluginJar : add ts
2024-06-19 15:40:11,024 [INFO] IPUIPlugin:80 - create IPUIPlugin
2024-06-19 15:40:11,024 [INFO] PluginManager:220 - loadIPPluginJar : add tsc
2024-06-19 15:40:11,036 [INFO] IPUIPlugin:80 - create IPUIPlugin
2024-06-19 15:40:11,036 [INFO] PluginManager:220 - loadIPPluginJar : add ucpd
2024-06-19 15:40:11,061 [INFO] IPUIPlugin:80 - create IPUIPlugin
2024-06-19 15:40:11,061 [INFO] PluginManager:220 - loadIPPluginJar : add usart
2024-06-19 15:40:11,084 [INFO] IPUIPlugin:80 - create IPUIPlugin
2024-06-19 15:40:11,084 [INFO] PluginManager:220 - loadIPPluginJar : add usbx
2024-06-19 15:40:11,186 [INFO] CADModel:165 - CPN selected for project level
2024-06-19 15:40:11,187 [INFO] CADModel:114 - Register for checkConnection events
2024-06-19 15:40:11,187 [FATAL] Updater:308 - Updater called before beeing initialized
2024-06-19 15:40:11,187 [ERROR] CADModel:125 - Updater not yet initialized, retry later 
2024-06-19 15:40:11,257 [INFO] CADModel:165 - CPN selected for project level
2024-06-19 15:40:11,257 [INFO] CADModel:114 - Register for checkConnection events
2024-06-19 15:40:11,257 [FATAL] Updater:308 - Updater called before beeing initialized
2024-06-19 15:40:11,257 [ERROR] CADModel:125 - Updater not yet initialized, retry later 
2024-06-19 15:40:11,259 [FATAL] Updater:308 - Updater called before beeing initialized
2024-06-19 15:40:11,314 [FATAL] Updater:308 - Updater called before beeing initialized
2024-06-19 15:40:11,327 [INFO] DbMcusAds:53 - JSON generation date=Thu May 16 05:22:00 EDT 2024 (1715851320667)
2024-06-19 15:40:11,327 [FATAL] Updater:308 - Updater called before beeing initialized
2024-06-19 15:40:11,371 [WARN] DetailPanel:346 - Failed to get advertising image, set to default
2024-06-19 15:40:11,420 [FATAL] Updater:308 - Updater called before beeing initialized
2024-06-19 15:40:11,421 [FATAL] Updater:308 - Updater called before beeing initialized
2024-06-19 15:40:11,421 [FATAL] Updater:308 - Updater called before beeing initialized
2024-06-19 15:40:11,421 [WARN] DetailPanel:346 - Failed to get advertising image, set to default
2024-06-19 15:40:11,422 [FATAL] Updater:308 - Updater called before beeing initialized
2024-06-19 15:40:11,471 [ERROR] Updater:1120 - MainUpdater not yet initialized. External WinMGr cannot be set.
2024-06-19 15:40:11,478 [INFO] Updater:1056 - Updater Version found : 6.11.1
2024-06-19 15:40:11,490 [INFO] ApplicationProperties:184 - Using Application install path: C:\ST\STM32CubeIDE_1.15.1\STM32CubeIDE\plugins\com.st.stm32cube.common.mx_6.11.1.202404110753
2024-06-19 15:40:12,815 [INFO] ThirdPartyUpdaterWithRetryManager:70 - Updater plugin not ready yet. [2/15]
2024-06-19 15:40:13,057 [ERROR] LogOutputStream:75 - [STDERR_REDIRECT] Jun 19, 2024 3:40:13 PM java.util.prefs.WindowsPreferences <init>
2024-06-19 15:40:13,057 [ERROR] LogOutputStream:75 - [STDERR_REDIRECT] WARNING: Could not open/create prefs root node Software\JavaSoft\Prefs at root 0xffffffff80000002. Windows RegCreateKeyEx(...) returned error code 5.
2024-06-19 15:40:13,057 [ERROR] LogOutputStream:75 - [STDERR_REDIRECT] 
2024-06-19 15:40:13,204 [INFO] MainUpdater:2873 - connection check result : 10
2024-06-19 15:40:13,204 [INFO] MainUpdater:290 - Updater Check For Update Now.
2024-06-19 15:40:13,204 [INFO] MicroXplorer:498 - Change Database Version : DB.6.0.111
2024-06-19 15:40:13,215 [INFO] McuFinderGlobals:63 - Set McuFinder mode to 2 (CubeIDE integrated)
2024-06-19 15:40:13,225 [INFO] UserAuth:415 - Internet connection configuration mode: 1
2024-06-19 15:40:13,253 [INFO] JxBrowserEngine:152 - Initiate JxBrowser Engine with user profile folder
2024-06-19 15:40:13,361 [INFO] CheckServerUpdateThread:120 - End of CheckServer Thread
2024-06-19 15:40:15,241 [INFO] WebApp:161 - Instantiating new browser for Auth
2024-06-19 15:40:15,483 [INFO] WebApp:779 - Register for checkConnection events
2024-06-19 15:40:15,483 [INFO] WebApp:414 - Apply proxy settings
2024-06-19 15:40:15,483 [INFO] WebApp:499 - Chromium requires no authentication
2024-06-19 15:40:15,486 [INFO] WebApp:442 - Direct internet connection detected
2024-06-19 15:40:15,563 [INFO] WebApp:192 - Starting web application
2024-06-19 15:40:15,564 [INFO] WebApp:544 - Web application path used C:\ST\STM32CubeIDE_1.15.1\STM32CubeIDE\plugins\com.st.stm32cube.common.mx_6.11.1.202404110753\db\plugins\mcufinder\reactClient1\index.html
2024-06-19 15:40:15,895 [WARN] PackLoader:240 - Cannot read IP mode file for STMicroelectronics.FP-SNS-MOTENVWB1.1.4.0
2024-06-19 15:40:15,904 [WARN] PackLoader:240 - Cannot read IP mode file for STMicroelectronics.X-CUBE-SMBUS.2.1.0
2024-06-19 15:40:15,921 [WARN] PackLoader:240 - Cannot read IP mode file for STMicroelectronics.X-CUBE-TOUCHGFX.4.23.2
2024-06-19 15:40:15,939 [WARN] PackLoader:240 - Cannot read IP mode file for STMicroelectronics.X-CUBE-AZRTOS-F7.1.1.0
2024-06-19 15:40:15,948 [WARN] PackLoader:240 - Cannot read IP mode file for STMicroelectronics.FP-SNS-FLIGHT1.5.0.2
2024-06-19 15:40:15,958 [WARN] PackLoader:240 - Cannot read IP mode file for STMicroelectronics.X-CUBE-DISPLAY.3.0.0
2024-06-19 15:40:15,971 [WARN] PackLoader:240 - Cannot read IP mode file for STMicroelectronics.X-CUBE-BLE1.7.0.0
2024-06-19 15:40:15,979 [WARN] PackLoader:240 - Cannot read IP mode file for emotas.I-CUBE-CANOPEN.1.3.0
2024-06-19 15:40:15,988 [WARN] PackLoader:240 - Cannot read IP mode file for STMicroelectronics.X-CUBE-BLEMGR.3.1.0
2024-06-19 15:40:15,997 [WARN] PackLoader:240 - Cannot read IP mode file for STMicroelectronics.FP-SNS-SMARTAG2.1.2.0
2024-06-19 15:40:16,007 [INFO] LogOutputStream:77 - [STDOUT_REDIRECT] 1 : Invalid condition id : UX_CORESTACK_Condition cause : null
2024-06-19 15:40:16,008 [INFO] LogOutputStream:77 - [STDOUT_REDIRECT] 1 : Invalid condition id : UX_CORESTACK_Condition cause : null
2024-06-19 15:40:16,009 [INFO] LogOutputStream:77 - [STDOUT_REDIRECT] 1 : Invalid condition id : UX_CORESTACK_Condition cause : null
2024-06-19 15:40:16,009 [INFO] LogOutputStream:77 - [STDOUT_REDIRECT] 1 : Invalid condition id : UX_CORESTACK_Condition cause : null
2024-06-19 15:40:16,010 [INFO] LogOutputStream:77 - [STDOUT_REDIRECT] 1 : Invalid condition id : UX_CORESTACK_Condition cause : null
2024-06-19 15:40:16,011 [WARN] PackLoader:240 - Cannot read IP mode file for STMicroelectronics.X-CUBE-AZRTOS-WL.2.0.0
2024-06-19 15:40:16,019 [WARN] PackLoader:240 - Cannot read IP mode file for STMicroelectronics.FP-SNS-MOTENV1.5.0.0
2024-06-19 15:40:16,026 [WARN] PackLoader:240 - Cannot read IP mode file for wolfSSL.I-CUBE-wolfMQTT.1.19.0
2024-06-19 15:40:16,034 [WARN] PackLoader:240 - Cannot read IP mode file for WES.I-CUBE-Cesium.1.3.0
2024-06-19 15:40:16,041 [WARN] PackLoader:240 - Cannot read IP mode file for STMicroelectronics.X-CUBE-BLE2.3.3.0
2024-06-19 15:40:16,048 [WARN] PackLoader:240 - Cannot read IP mode file for STMicroelectronics.X-CUBE-TCPP.4.1.0
2024-06-19 15:40:16,064 [WARN] PackLoader:240 - Cannot read IP mode file for STMicroelectronics.X-CUBE-AZRTOS-G0.1.1.0
2024-06-19 15:40:16,073 [WARN] PackLoader:240 - Cannot read IP mode file for STMicroelectronics.X-CUBE-SAFEA1.1.2.2
2024-06-19 15:40:16,080 [WARN] PackLoader:240 - Cannot read IP mode file for STMicroelectronics.X-CUBE-NFC4.3.0.0
2024-06-19 15:40:16,087 [WARN] PackLoader:240 - Cannot read IP mode file for wolfSSL.I-CUBE-wolfSSL.5.7.0
2024-06-19 15:40:16,094 [WARN] PackLoader:240 - Cannot read IP mode file for STMicroelectronics.FP-ATR-SIGFOX1.3.2.0
2024-06-19 15:40:16,102 [WARN] PackLoader:240 - Cannot read IP mode file for STMicroelectronics.X-CUBE-EEPRMA1.5.1.0
2024-06-19 15:40:16,111 [WARN] PackLoader:240 - Cannot read IP mode file for ITTIA_DB.I-CUBE-ITTIADB.8.9.0
2024-06-19 15:40:16,136 [WARN] PackLoader:240 - Cannot read IP mode file for SEGGER.I-CUBE-embOS.1.3.1
2024-06-19 15:40:16,179 [WARN] PackLoader:240 - Cannot read IP mode file for STMicroelectronics.X-CUBE-ALGOBUILD.1.4.0
2024-06-19 15:40:16,186 [WARN] PackLoader:240 - Cannot read IP mode file for STMicroelectronics.X-CUBE-GNSS1.6.0.0
2024-06-19 15:40:16,199 [WARN] PackLoader:240 - Cannot read IP mode file for STMicroelectronics.X-CUBE-AZRTOS-F4.1.1.0
2024-06-19 15:40:16,207 [WARN] PackLoader:240 - Cannot read IP mode file for STMicroelectronics.X-CUBE-FREERTOS.1.2.0
2024-06-19 15:40:16,220 [WARN] PackLoader:240 - Cannot read IP mode file for STMicroelectronics.X-CUBE-AZRTOS-L5.2.0.0
2024-06-19 15:40:16,229 [WARN] PackLoader:240 - Cannot read IP mode file for STMicroelectronics.X-CUBE-NFC6.3.1.0
2024-06-19 15:40:16,237 [WARN] PackLoader:240 - Cannot read IP mode file for STMicroelectronics.X-CUBE-AI.9.0.0
2024-06-19 15:40:16,245 [WARN] PackLoader:240 - Cannot read IP mode file for STMicroelectronics.X-CUBE-NFC7.1.0.1
2024-06-19 15:40:16,258 [WARN] ConditionMgr:438 - getConditionDescription Invalid condition id : LAN8742 Phy interface Condition cause : null
2024-06-19 15:40:16,259 [WARN] PackLoader:240 - Cannot read IP mode file for STMicroelectronics.X-CUBE-AZRTOS-L4.2.0.0
2024-06-19 15:40:16,259 [WARN] ConditionMgr:1039 - genDependencies : Invalid condition id : LAN8742 Phy interface Condition cause : null
2024-06-19 15:40:16,259 [WARN] ConditionMgr:1039 - genDependencies : Invalid condition id : LAN8742 Phy interface Condition cause : null
2024-06-19 15:40:16,259 [WARN] ConditionMgr:1039 - genDependencies : Invalid condition id : LAN8742 Phy interface Condition cause : null
2024-06-19 15:40:16,267 [WARN] PackLoader:240 - Cannot read IP mode file for STMicroelectronics.X-CUBE-SFXS2LP1.4.0.0
2024-06-19 15:40:16,279 [WARN] ConditionMgr:438 - getConditionDescription Invalid condition id : UX DEVICE CLASS RTOS Condition cause : null
2024-06-19 15:40:16,279 [WARN] ConditionMgr:438 - getConditionDescription Invalid condition id : UX DEVICE CLASS RTOS Condition cause : null
2024-06-19 15:40:16,280 [WARN] PackLoader:240 - Cannot read IP mode file for STMicroelectronics.X-CUBE-AZRTOS-WB.2.0.0
2024-06-19 15:40:16,280 [WARN] ConditionMgr:1039 - genDependencies : Invalid condition id : UX DEVICE CLASS RTOS Condition cause : null
2024-06-19 15:40:16,280 [WARN] ConditionMgr:1039 - genDependencies : Invalid condition id : UX DEVICE CLASS RTOS Condition cause : null
2024-06-19 15:40:16,280 [WARN] ConditionMgr:1039 - genDependencies : Invalid condition id : UX DEVICE CLASS RTOS Condition cause : null
2024-06-19 15:40:16,280 [WARN] ConditionMgr:1039 - genDependencies : Invalid condition id : UX DEVICE CLASS RTOS Condition cause : null
2024-06-19 15:40:16,280 [WARN] ConditionMgr:1039 - genDependencies : Invalid condition id : UX DEVICE CLASS RTOS Condition cause : null
2024-06-19 15:40:16,290 [WARN] PackLoader:240 - Cannot read IP mode file for STMicroelectronics.X-CUBE-SUBG2.5.0.0
2024-06-19 15:40:16,301 [WARN] PackLoader:240 - Cannot read IP mode file for Cesanta.I-CUBE-Mongoose.7.13.0
2024-06-19 15:40:16,316 [WARN] PackLoader:240 - Cannot read IP mode file for STMicroelectronics.X-CUBE-AZRTOS-G4.2.0.0
2024-06-19 15:40:16,325 [WARN] PackLoader:240 - Cannot read IP mode file for STMicroelectronics.X-CUBE-ISPU.2.0.0
2024-06-19 15:40:16,333 [WARN] PackLoader:240 - Cannot read IP mode file for STMicroelectronics.X-CUBE-ALS.1.0.2
2024-06-19 15:40:16,356 [WARN] PackLoader:240 - Cannot read IP mode file for STMicroelectronics.X-CUBE-MEMS1.10.0.0
2024-06-19 15:40:16,400 [WARN] PackLoader:240 - Cannot read IP mode file for portGmbH.I-Cube-SoM-uGOAL.1.1.0
2024-06-19 15:40:16,415 [WARN] PackLoader:240 - Cannot read IP mode file for STMicroelectronics.X-CUBE-AZRTOS-H7RS.1.0.0
2024-06-19 15:40:16,424 [WARN] PackLoader:240 - Cannot read IP mode file for STMicroelectronics.FP-ATR-ASTRA1.2.0.0
2024-06-19 15:40:16,439 [WARN] PackLoader:240 - Cannot read IP mode file for STMicroelectronics.X-CUBE-TOF1.3.4.1
2024-06-19 15:40:16,464 [WARN] PackLoader:240 - Cannot read IP mode file for STMicroelectronics.X-CUBE-AZRTOS-H7.3.2.0
2024-06-19 15:40:16,476 [WARN] PackLoader:240 - Cannot read IP mode file for Infineon.AIROC-Wi-Fi-Bluetooth-STM32.1.6.0
2024-06-19 15:40:16,478 [INFO] ThirdParty:978 - Integrity check success = true
2024-06-19 15:40:16,478 [INFO] IntegrityCheckThread:100 - exiting critical section [integrity check]
2024-06-19 15:40:16,478 [INFO] IntegrityCheckThread:103 - End integrity checks thread
2024-06-19 15:41:03,868 [ERROR] LogOutputStream:75 - [STDERR_REDIRECT] 
2024-06-19 15:54:33,480 [INFO] Activator:176 - 


2024-06-19 15:54:33,481 [INFO] Activator:177 - !SESSION log4j initialized
2024-06-19 15:54:37,134 [INFO] LogOutputStream:77 - [STDOUT_REDIRECT] 
2024-06-19 15:54:37,765 [INFO] ApplicationProperties:184 - Using Application install path: C:\ST\STM32CubeIDE_1.15.1\STM32CubeIDE\plugins\com.st.stm32cube.common.mx_6.11.1.202404110753
2024-06-19 15:54:37,776 [INFO] DbMcusXml:78 - Set database path to: C:\ST\STM32CubeIDE_1.15.1\STM32CubeIDE\plugins\com.st.stm32cube.common.mx_6.11.1.202404110753\\db\/mcu/
2024-06-19 15:54:37,777 [INFO] ApiDb:274 - Set plugin database path to: C:\ST\STM32CubeIDE_1.15.1\STM32CubeIDE\plugins\com.st.stm32cube.common.mx_6.11.1.202404110753\\db\/plugins/boardmanager/
2024-06-19 15:54:37,777 [WARN] ApiDb:259 - Overriding images path with different value:  => C:\ST\STM32CubeIDE_1.15.1\STM32CubeIDE\plugins\com.st.stm32cube.common.mx_6.11.1.202404110753\\db\/plugins/mcufinder/images/
2024-06-19 15:54:37,781 [INFO] ApiDb:250 - Set database path to: C:\Users\alin_\.stmcufinder\plugins\mcufinder//mcu/
2024-06-19 15:54:37,781 [INFO] DbMcusAds:125 - Set database path to: C:\Users\alin_\.stmcufinder\plugins\mcufinder//mcu/
2024-06-19 15:54:37,782 [INFO] CrossReferenceDbSqlite:203 - Set database path to: C:\Users\alin_\.stmcufinder\plugins\mcufinder//mcu/cs/
2024-06-19 15:54:37,846 [INFO] RulesReader:64 - Compatibility file has been processed (297 Rules)
2024-06-19 15:54:37,896 [INFO] DbMcusXml:78 - Set database path to: C:\ST\STM32CubeIDE_1.15.1\STM32CubeIDE\plugins\com.st.stm32cube.common.mx_6.11.1.202404110753\\db\/mcu/
2024-06-19 15:54:37,896 [INFO] ApiDb:274 - Set plugin database path to: C:\ST\STM32CubeIDE_1.15.1\STM32CubeIDE\plugins\com.st.stm32cube.common.mx_6.11.1.202404110753\\db\/plugins/boardmanager/
2024-06-19 15:54:37,896 [INFO] ApiDb:261 - Set plugin images path to: C:\ST\STM32CubeIDE_1.15.1\STM32CubeIDE\plugins\com.st.stm32cube.common.mx_6.11.1.202404110753\\db\/plugins/mcufinder/images/
2024-06-19 15:54:37,896 [WARN] DbFile:41 - Overriding database path with different value: C:\Users\alin_\.stmcufinder\plugins\mcufinder/ => C:\Users\alin_\.stmcufinder\plugins\mcufinder
2024-06-19 15:54:37,896 [INFO] ApiDb:250 - Set database path to: C:\Users\alin_\.stmcufinder\plugins\mcufinder//mcu/
2024-06-19 15:54:37,896 [WARN] DbFile:41 - Overriding database path with different value: C:\Users\alin_\.stmcufinder\plugins\mcufinder/ => C:\Users\alin_\.stmcufinder\plugins\mcufinder
2024-06-19 15:54:37,897 [INFO] DbMcusAds:125 - Set database path to: C:\Users\alin_\.stmcufinder\plugins\mcufinder//mcu/
2024-06-19 15:54:37,897 [WARN] DbFile:41 - Overriding database path with different value: C:\Users\alin_\.stmcufinder\plugins\mcufinder/ => C:\Users\alin_\.stmcufinder\plugins\mcufinder
2024-06-19 15:54:37,897 [WARN] DbFile:41 - Overriding database path with different value: C:\Users\alin_\.stmcufinder\plugins\mcufinder/ => C:\Users\alin_\.stmcufinder\plugins\mcufinder
2024-06-19 15:54:37,897 [INFO] CrossReferenceDbSqlite:203 - Set database path to: C:\Users\alin_\.stmcufinder\plugins\mcufinder//mcu/cs/
2024-06-19 15:54:37,942 [INFO] MainPanel:264 - HeapMemory: 268435456
2024-06-19 15:54:37,996 [INFO] DbMcusXml:78 - Set database path to: C:\ST\STM32CubeIDE_1.15.1\STM32CubeIDE\plugins\com.st.stm32cube.common.mx_6.11.1.202404110753\\db\/mcu/
2024-06-19 15:54:37,996 [INFO] ApiDb:274 - Set plugin database path to: C:\ST\STM32CubeIDE_1.15.1\STM32CubeIDE\plugins\com.st.stm32cube.common.mx_6.11.1.202404110753\\db\/plugins/boardmanager/
2024-06-19 15:54:37,996 [INFO] ApiDb:261 - Set plugin images path to: C:\ST\STM32CubeIDE_1.15.1\STM32CubeIDE\plugins\com.st.stm32cube.common.mx_6.11.1.202404110753\\db\/plugins/mcufinder/images/
2024-06-19 15:54:37,996 [WARN] DbFile:41 - Overriding database path with different value: C:\Users\alin_\.stmcufinder\plugins\mcufinder/ => C:\Users\alin_\.stmcufinder\plugins\mcufinder
2024-06-19 15:54:37,996 [INFO] ApiDb:250 - Set database path to: C:\Users\alin_\.stmcufinder\plugins\mcufinder//mcu/
2024-06-19 15:54:37,996 [WARN] DbFile:41 - Overriding database path with different value: C:\Users\alin_\.stmcufinder\plugins\mcufinder/ => C:\Users\alin_\.stmcufinder\plugins\mcufinder
2024-06-19 15:54:37,996 [INFO] DbMcusAds:125 - Set database path to: C:\Users\alin_\.stmcufinder\plugins\mcufinder//mcu/
2024-06-19 15:54:37,996 [WARN] DbFile:41 - Overriding database path with different value: C:\Users\alin_\.stmcufinder\plugins\mcufinder/ => C:\Users\alin_\.stmcufinder\plugins\mcufinder
2024-06-19 15:54:37,996 [WARN] DbFile:41 - Overriding database path with different value: C:\Users\alin_\.stmcufinder\plugins\mcufinder/ => C:\Users\alin_\.stmcufinder\plugins\mcufinder
2024-06-19 15:54:37,996 [INFO] CrossReferenceDbSqlite:203 - Set database path to: C:\Users\alin_\.stmcufinder\plugins\mcufinder//mcu/cs/
2024-06-19 15:54:38,007 [INFO] ApplicationProperties:184 - Using Application install path: C:\ST\STM32CubeIDE_1.15.1\STM32CubeIDE\plugins\com.st.stm32cube.common.mx_6.11.1.202404110753
2024-06-19 15:54:38,008 [INFO] PluginManage:196 - Search for loadable plugins [exclusion list=, ]
2024-06-19 15:54:38,008 [INFO] PluginManage:310 - Check plugin analytics
2024-06-19 15:54:38,117 [INFO] AnalyticsPlugin:253 - Accepted Software Licenses: 
2024-06-19 15:54:38,117 [INFO] AnalyticsPlugin:255 - Accepted CMSIS Pack Licenses: 
2024-06-19 15:54:38,118 [INFO] AnalyticsPlugin:257 - Accepted Firmware Licenses: FW.F4.1.28.0
2024-06-19 15:54:38,119 [INFO] PluginManage:359 - Loaded plugin analytics (category:tool,tabindex:-1)
2024-06-19 15:54:38,120 [INFO] PluginManage:310 - Check plugin cadmodel
2024-06-19 15:54:38,124 [INFO] CADModel:105 - Init CAD model plugin
2024-06-19 15:54:38,124 [INFO] PluginManage:359 - Loaded plugin cadmodel (category:power,tabindex:5)
2024-06-19 15:54:38,124 [INFO] PluginManage:310 - Check plugin clock
2024-06-19 15:54:38,132 [INFO] PluginManage:359 - Loaded plugin clock (category:base,tabindex:2)
2024-06-19 15:54:38,132 [INFO] PluginManage:310 - Check plugin ddr
2024-06-19 15:54:38,134 [INFO] PluginManage:359 - Loaded plugin ddr (category:tool,tabindex:6)
2024-06-19 15:54:38,134 [INFO] PluginManage:310 - Check plugin filemanager
2024-06-19 15:54:38,242 [INFO] PluginManage:359 - Loaded plugin filemanager (category:base,tabindex:10)
2024-06-19 15:54:38,242 [INFO] PluginManage:310 - Check plugin ipmanager
2024-06-19 15:54:38,247 [INFO] PluginManage:359 - Loaded plugin ipmanager (category:base,tabindex:5)
2024-06-19 15:54:38,247 [INFO] PluginManage:310 - Check plugin lpbam
2024-06-19 15:54:38,255 [INFO] PluginManage:359 - Loaded plugin lpbam (category:base,tabindex:0)
2024-06-19 15:54:38,255 [INFO] PluginManage:310 - Check plugin memorymap
2024-06-19 15:54:38,267 [INFO] PluginManage:359 - Loaded plugin memorymap (category:base,tabindex:4)
2024-06-19 15:54:38,267 [INFO] PluginManage:310 - Check plugin pinoutandconfiguration
2024-06-19 15:54:38,272 [INFO] PluginManage:359 - Loaded plugin pinoutandconfiguration (category:base,tabindex:1)
2024-06-19 15:54:38,272 [INFO] PluginManage:310 - Check plugin pinoutconfig
2024-06-19 15:54:38,350 [WARN] SupportedApi:132 - Cannot load RTOS API schema: s4s-elt-must-match.1: The content of 'definitions' must match (annotation?, (simpleType | complexType)?, (unique | key | keyref)*)). A problem was found starting at: attribute.
2024-06-19 15:54:38,438 [INFO] PluginManage:359 - Loaded plugin pinoutconfig (category:base,tabindex:0)
2024-06-19 15:54:38,438 [INFO] PluginManage:310 - Check plugin power
2024-06-19 15:54:38,444 [INFO] PluginManage:359 - Loaded plugin power (category:power,tabindex:4)
2024-06-19 15:54:38,444 [INFO] PluginManage:310 - Check plugin projectmanager
2024-06-19 15:54:38,454 [INFO] PluginManage:359 - Loaded plugin projectmanager (category:projectmanager,tabindex:3)
2024-06-19 15:54:38,454 [INFO] PluginManage:310 - Check plugin thirdparty
2024-06-19 15:54:38,533 [WARN] IntegrityCheckThread:84 - waiting for thirdparty lock release [integrity check]
2024-06-19 15:54:38,533 [INFO] IntegrityCheckThread:86 - entering critical section [integrity check]
2024-06-19 15:54:38,533 [INFO] PluginManage:359 - Loaded plugin thirdparty (category:base,tabindex:-1)
2024-06-19 15:54:38,533 [INFO] PluginManage:310 - Check plugin tools
2024-06-19 15:54:38,534 [INFO] ThirdPartyUpdaterWithRetryManager:70 - Updater plugin not ready yet. [1/15]
2024-06-19 15:54:38,535 [INFO] PluginManage:359 - Loaded plugin tools (category:base,tabindex:7)
2024-06-19 15:54:38,535 [INFO] PluginManage:310 - Check plugin tutovideos
2024-06-19 15:54:38,642 [INFO] PluginManage:359 - Loaded plugin tutovideos (category:base,tabindex:-1)
2024-06-19 15:54:38,642 [INFO] PluginManage:310 - Check plugin updater
2024-06-19 15:54:38,649 [INFO] PluginManage:359 - Loaded plugin updater (category:base,tabindex:12)
2024-06-19 15:54:38,649 [INFO] PluginManage:310 - Check plugin userauth
2024-06-19 15:54:38,653 [INFO] UserAuth:114 - Init User Auth plugin
2024-06-19 15:54:38,653 [INFO] PluginManage:359 - Loaded plugin userauth (category:base,tabindex:14)
2024-06-19 15:54:38,653 [INFO] PluginManage:283 - PluginManage : Loaded plugins [17]
2024-06-19 15:54:38,773 [INFO] PinOutPanel:1561 - setPackage(No Configuration,No Configuration)
2024-06-19 15:54:38,815 [INFO] CADModel:165 - CPN selected for project level
2024-06-19 15:54:38,815 [INFO] CADModel:114 - Register for checkConnection events
2024-06-19 15:54:38,825 [INFO] IPUIPlugin:80 - create IPUIPlugin
2024-06-19 15:54:38,826 [INFO] PluginManager:220 - loadIPPluginJar : add adc
2024-06-19 15:54:38,827 [INFO] IPUIPlugin:80 - create IPUIPlugin
2024-06-19 15:54:38,827 [INFO] PluginManager:220 - loadIPPluginJar : add aes
2024-06-19 15:54:38,829 [INFO] IPUIPlugin:80 - create IPUIPlugin
2024-06-19 15:54:38,829 [INFO] PluginManager:220 - loadIPPluginJar : add can
2024-06-19 15:54:38,830 [INFO] IPUIPlugin:80 - create IPUIPlugin
2024-06-19 15:54:38,830 [INFO] PluginManager:220 - loadIPPluginJar : add comp
2024-06-19 15:54:38,831 [INFO] IPUIPlugin:80 - create IPUIPlugin
2024-06-19 15:54:38,831 [INFO] PluginManager:220 - loadIPPluginJar : add cryp
2024-06-19 15:54:38,833 [INFO] IPUIPlugin:80 - create IPUIPlugin
2024-06-19 15:54:38,833 [INFO] PluginManager:220 - loadIPPluginJar : add dfsdm
2024-06-19 15:54:38,836 [INFO] IPUIPlugin:80 - create IPUIPlugin
2024-06-19 15:54:38,837 [INFO] PluginManager:220 - loadIPPluginJar : add dma
2024-06-19 15:54:38,838 [INFO] IPUIPlugin:80 - create IPUIPlugin
2024-06-19 15:54:38,838 [INFO] PluginManager:220 - loadIPPluginJar : add dma3
2024-06-19 15:54:38,840 [INFO] IPUIPlugin:80 - create IPUIPlugin
2024-06-19 15:54:38,840 [INFO] PluginManager:220 - loadIPPluginJar : add extmemmanager
2024-06-19 15:54:38,840 [INFO] IPUIPlugin:80 - create IPUIPlugin
2024-06-19 15:54:38,840 [INFO] PluginManager:220 - loadIPPluginJar : add fatfs
2024-06-19 15:54:38,843 [INFO] IPUIPlugin:80 - create IPUIPlugin
2024-06-19 15:54:38,843 [INFO] PluginManager:220 - loadIPPluginJar : add fmc
2024-06-19 15:54:38,846 [INFO] IPUIPlugin:80 - create IPUIPlugin
2024-06-19 15:54:38,846 [INFO] PluginManager:220 - loadIPPluginJar : add freertos
2024-06-19 15:54:38,847 [INFO] IPUIPlugin:80 - create IPUIPlugin
2024-06-19 15:54:38,847 [INFO] PluginManager:220 - loadIPPluginJar : add genericplugin
2024-06-19 15:54:38,849 [INFO] IPUIPlugin:80 - create IPUIPlugin
2024-06-19 15:54:38,849 [INFO] PluginManager:220 - loadIPPluginJar : add gfxmmu
2024-06-19 15:54:38,851 [INFO] IPUIPlugin:80 - create IPUIPlugin
2024-06-19 15:54:38,852 [INFO] PluginManager:220 - loadIPPluginJar : add gic
2024-06-19 15:54:38,854 [INFO] IPUIPlugin:80 - create IPUIPlugin
2024-06-19 15:54:38,854 [INFO] PluginManager:220 - loadIPPluginJar : add gpio
2024-06-19 15:54:38,855 [INFO] IPUIPlugin:80 - create IPUIPlugin
2024-06-19 15:54:38,855 [INFO] PluginManager:220 - loadIPPluginJar : add gtzc
2024-06-19 15:54:38,857 [INFO] IPUIPlugin:80 - create IPUIPlugin
2024-06-19 15:54:38,857 [INFO] PluginManager:220 - loadIPPluginJar : add hash
2024-06-19 15:54:38,858 [INFO] IPUIPlugin:80 - create IPUIPlugin
2024-06-19 15:54:38,858 [INFO] PluginManager:220 - loadIPPluginJar : add i2c
2024-06-19 15:54:38,860 [INFO] IPUIPlugin:80 - create IPUIPlugin
2024-06-19 15:54:38,860 [INFO] PluginManager:220 - loadIPPluginJar : add i2s
2024-06-19 15:54:38,861 [INFO] IPUIPlugin:80 - create IPUIPlugin
2024-06-19 15:54:38,861 [INFO] PluginManager:220 - loadIPPluginJar : add i3c
2024-06-19 15:54:38,863 [INFO] IPUIPlugin:80 - create IPUIPlugin
2024-06-19 15:54:38,863 [INFO] PluginManager:220 - loadIPPluginJar : add ipddr
2024-06-19 15:54:38,868 [INFO] IPUIPlugin:80 - create IPUIPlugin
2024-06-19 15:54:38,869 [INFO] PluginManager:220 - loadIPPluginJar : add linkedlist
2024-06-19 15:54:38,870 [INFO] IPUIPlugin:80 - create IPUIPlugin
2024-06-19 15:54:38,871 [INFO] PluginManager:220 - loadIPPluginJar : add lorawan
2024-06-19 15:54:38,872 [INFO] IPUIPlugin:80 - create IPUIPlugin
2024-06-19 15:54:38,872 [INFO] PluginManager:220 - loadIPPluginJar : add ltdc
2024-06-19 15:54:38,876 [INFO] IPUIPlugin:80 - create IPUIPlugin
2024-06-19 15:54:38,876 [INFO] PluginManager:220 - loadIPPluginJar : add mdma
2024-06-19 15:54:38,878 [INFO] IPUIPlugin:80 - create IPUIPlugin
2024-06-19 15:54:38,878 [INFO] PluginManager:220 - loadIPPluginJar : add nvic
2024-06-19 15:54:38,879 [INFO] IPUIPlugin:80 - create IPUIPlugin
2024-06-19 15:54:38,880 [INFO] PluginManager:220 - loadIPPluginJar : add opamp
2024-06-19 15:54:38,882 [INFO] IPUIPlugin:80 - create IPUIPlugin
2024-06-19 15:54:38,882 [INFO] PluginManager:220 - loadIPPluginJar : add openamp
2024-06-19 15:54:38,884 [INFO] IPUIPlugin:80 - create IPUIPlugin
2024-06-19 15:54:38,884 [INFO] PluginManager:220 - loadIPPluginJar : add pdm2pcm
2024-06-19 15:54:38,888 [INFO] IPUIPlugin:80 - create IPUIPlugin
2024-06-19 15:54:38,890 [INFO] PluginManager:220 - loadIPPluginJar : add plateformsettings
2024-06-19 15:54:38,891 [INFO] IPUIPlugin:80 - create IPUIPlugin
2024-06-19 15:54:38,891 [INFO] PluginManager:220 - loadIPPluginJar : add quadspi
2024-06-19 15:54:38,893 [INFO] IPUIPlugin:80 - create IPUIPlugin
2024-06-19 15:54:38,893 [INFO] PluginManager:220 - loadIPPluginJar : add resmgrutility
2024-06-19 15:54:38,895 [INFO] IPUIPlugin:80 - create IPUIPlugin
2024-06-19 15:54:38,895 [INFO] PluginManager:220 - loadIPPluginJar : add sai
2024-06-19 15:54:38,896 [INFO] IPUIPlugin:80 - create IPUIPlugin
2024-06-19 15:54:38,896 [INFO] PluginManager:220 - loadIPPluginJar : add spi
2024-06-19 15:54:38,899 [INFO] IPUIPlugin:80 - create IPUIPlugin
2024-06-19 15:54:38,899 [INFO] PluginManager:220 - loadIPPluginJar : add stm32_wpan
2024-06-19 15:54:38,900 [INFO] IPUIPlugin:80 - create IPUIPlugin
2024-06-19 15:54:38,900 [INFO] PluginManager:220 - loadIPPluginJar : add tim
2024-06-19 15:54:38,902 [INFO] IPUIPlugin:80 - create IPUIPlugin
2024-06-19 15:54:38,902 [INFO] PluginManager:220 - loadIPPluginJar : add touchsensing
2024-06-19 15:54:38,904 [INFO] IPUIPlugin:80 - create IPUIPlugin
2024-06-19 15:54:38,904 [INFO] PluginManager:220 - loadIPPluginJar : add tracer_emb
2024-06-19 15:54:38,905 [INFO] IPUIPlugin:80 - create IPUIPlugin
2024-06-19 15:54:38,905 [INFO] PluginManager:220 - loadIPPluginJar : add ts
2024-06-19 15:54:38,906 [INFO] IPUIPlugin:80 - create IPUIPlugin
2024-06-19 15:54:38,906 [INFO] PluginManager:220 - loadIPPluginJar : add tsc
2024-06-19 15:54:38,907 [INFO] IPUIPlugin:80 - create IPUIPlugin
2024-06-19 15:54:38,907 [INFO] PluginManager:220 - loadIPPluginJar : add ucpd
2024-06-19 15:54:38,909 [INFO] IPUIPlugin:80 - create IPUIPlugin
2024-06-19 15:54:38,909 [INFO] PluginManager:220 - loadIPPluginJar : add usart
2024-06-19 15:54:38,910 [INFO] IPUIPlugin:80 - create IPUIPlugin
2024-06-19 15:54:38,911 [INFO] PluginManager:220 - loadIPPluginJar : add usbx
2024-06-19 15:54:39,014 [INFO] CADModel:165 - CPN selected for project level
2024-06-19 15:54:39,014 [INFO] CADModel:114 - Register for checkConnection events
2024-06-19 15:54:39,014 [FATAL] Updater:308 - Updater called before beeing initialized
2024-06-19 15:54:39,014 [ERROR] CADModel:125 - Updater not yet initialized, retry later 
2024-06-19 15:54:39,101 [INFO] CADModel:165 - CPN selected for project level
2024-06-19 15:54:39,101 [INFO] CADModel:114 - Register for checkConnection events
2024-06-19 15:54:39,101 [FATAL] Updater:308 - Updater called before beeing initialized
2024-06-19 15:54:39,101 [ERROR] CADModel:125 - Updater not yet initialized, retry later 
2024-06-19 15:54:39,103 [FATAL] Updater:308 - Updater called before beeing initialized
2024-06-19 15:54:39,162 [FATAL] Updater:308 - Updater called before beeing initialized
2024-06-19 15:54:39,165 [INFO] DbMcusAds:53 - JSON generation date=Thu May 16 05:22:00 EDT 2024 (1715851320667)
2024-06-19 15:54:39,165 [FATAL] Updater:308 - Updater called before beeing initialized
2024-06-19 15:54:39,187 [WARN] DetailPanel:346 - Failed to get advertising image, set to default
2024-06-19 15:54:39,244 [FATAL] Updater:308 - Updater called before beeing initialized
2024-06-19 15:54:39,245 [FATAL] Updater:308 - Updater called before beeing initialized
2024-06-19 15:54:39,245 [FATAL] Updater:308 - Updater called before beeing initialized
2024-06-19 15:54:39,245 [WARN] DetailPanel:346 - Failed to get advertising image, set to default
2024-06-19 15:54:39,246 [FATAL] Updater:308 - Updater called before beeing initialized
2024-06-19 15:54:39,279 [ERROR] Updater:1120 - MainUpdater not yet initialized. External WinMGr cannot be set.
2024-06-19 15:54:39,281 [INFO] Updater:1056 - Updater Version found : 6.11.1
2024-06-19 15:54:39,296 [INFO] ApplicationProperties:184 - Using Application install path: C:\ST\STM32CubeIDE_1.15.1\STM32CubeIDE\plugins\com.st.stm32cube.common.mx_6.11.1.202404110753
2024-06-19 15:54:40,862 [ERROR] LogOutputStream:75 - [STDERR_REDIRECT] Jun 19, 2024 3:54:40 PM java.util.prefs.WindowsPreferences <init>
2024-06-19 15:54:40,863 [ERROR] LogOutputStream:75 - [STDERR_REDIRECT] WARNING: Could not open/create prefs root node Software\JavaSoft\Prefs at root 0xffffffff80000002. Windows RegCreateKeyEx(...) returned error code 5.
2024-06-19 15:54:40,863 [ERROR] LogOutputStream:75 - [STDERR_REDIRECT] 
2024-06-19 15:54:41,031 [INFO] MainUpdater:2873 - connection check result : 10
2024-06-19 15:54:41,031 [INFO] MainUpdater:290 - Updater Check For Update Now.
2024-06-19 15:54:41,031 [INFO] MicroXplorer:498 - Change Database Version : DB.6.0.111
2024-06-19 15:54:41,036 [INFO] McuFinderGlobals:63 - Set McuFinder mode to 2 (CubeIDE integrated)
2024-06-19 15:54:41,046 [INFO] UserAuth:415 - Internet connection configuration mode: 1
2024-06-19 15:54:41,074 [INFO] JxBrowserEngine:152 - Initiate JxBrowser Engine with user profile folder
2024-06-19 15:54:41,174 [INFO] CheckServerUpdateThread:120 - End of CheckServer Thread
2024-06-19 15:54:41,635 [WARN] PackLoader:240 - Cannot read IP mode file for STMicroelectronics.FP-SNS-MOTENVWB1.1.4.0
2024-06-19 15:54:41,643 [WARN] PackLoader:240 - Cannot read IP mode file for STMicroelectronics.X-CUBE-SMBUS.2.1.0
2024-06-19 15:54:41,644 [INFO] WebApp:161 - Instantiating new browser for Auth
2024-06-19 15:54:41,646 [WARN] PackLoader:240 - Cannot read IP mode file for STMicroelectronics.X-CUBE-TOUCHGFX.4.23.2
2024-06-19 15:54:41,665 [WARN] PackLoader:240 - Cannot read IP mode file for STMicroelectronics.X-CUBE-AZRTOS-F7.1.1.0
2024-06-19 15:54:41,670 [WARN] PackLoader:240 - Cannot read IP mode file for STMicroelectronics.FP-SNS-FLIGHT1.5.0.2
2024-06-19 15:54:41,677 [WARN] PackLoader:240 - Cannot read IP mode file for STMicroelectronics.X-CUBE-DISPLAY.3.0.0
2024-06-19 15:54:41,686 [WARN] PackLoader:240 - Cannot read IP mode file for STMicroelectronics.X-CUBE-BLE1.7.0.0
2024-06-19 15:54:41,689 [WARN] PackLoader:240 - Cannot read IP mode file for emotas.I-CUBE-CANOPEN.1.3.0
2024-06-19 15:54:41,698 [WARN] PackLoader:240 - Cannot read IP mode file for STMicroelectronics.X-CUBE-BLEMGR.3.1.0
2024-06-19 15:54:41,703 [WARN] PackLoader:240 - Cannot read IP mode file for STMicroelectronics.FP-SNS-SMARTAG2.1.2.0
2024-06-19 15:54:41,709 [INFO] LogOutputStream:77 - [STDOUT_REDIRECT] 1 : Invalid condition id : UX_CORESTACK_Condition cause : null
2024-06-19 15:54:41,710 [INFO] LogOutputStream:77 - [STDOUT_REDIRECT] 1 : Invalid condition id : UX_CORESTACK_Condition cause : null
2024-06-19 15:54:41,711 [INFO] LogOutputStream:77 - [STDOUT_REDIRECT] 1 : Invalid condition id : UX_CORESTACK_Condition cause : null
2024-06-19 15:54:41,712 [INFO] LogOutputStream:77 - [STDOUT_REDIRECT] 1 : Invalid condition id : UX_CORESTACK_Condition cause : null
2024-06-19 15:54:41,713 [INFO] LogOutputStream:77 - [STDOUT_REDIRECT] 1 : Invalid condition id : UX_CORESTACK_Condition cause : null
2024-06-19 15:54:41,714 [WARN] PackLoader:240 - Cannot read IP mode file for STMicroelectronics.X-CUBE-AZRTOS-WL.2.0.0
2024-06-19 15:54:41,718 [WARN] PackLoader:240 - Cannot read IP mode file for STMicroelectronics.FP-SNS-MOTENV1.5.0.0
2024-06-19 15:54:41,721 [WARN] PackLoader:240 - Cannot read IP mode file for wolfSSL.I-CUBE-wolfMQTT.1.19.0
2024-06-19 15:54:41,729 [WARN] PackLoader:240 - Cannot read IP mode file for WES.I-CUBE-Cesium.1.3.0
2024-06-19 15:54:41,732 [WARN] PackLoader:240 - Cannot read IP mode file for STMicroelectronics.X-CUBE-BLE2.3.3.0
2024-06-19 15:54:41,736 [WARN] PackLoader:240 - Cannot read IP mode file for STMicroelectronics.X-CUBE-TCPP.4.1.0
2024-06-19 15:54:41,744 [WARN] PackLoader:240 - Cannot read IP mode file for STMicroelectronics.X-CUBE-AZRTOS-G0.1.1.0
2024-06-19 15:54:41,749 [WARN] PackLoader:240 - Cannot read IP mode file for STMicroelectronics.X-CUBE-SAFEA1.1.2.2
2024-06-19 15:54:41,752 [WARN] PackLoader:240 - Cannot read IP mode file for STMicroelectronics.X-CUBE-NFC4.3.0.0
2024-06-19 15:54:41,755 [WARN] PackLoader:240 - Cannot read IP mode file for wolfSSL.I-CUBE-wolfSSL.5.7.0
2024-06-19 15:54:41,759 [WARN] PackLoader:240 - Cannot read IP mode file for STMicroelectronics.FP-ATR-SIGFOX1.3.2.0
2024-06-19 15:54:41,763 [WARN] PackLoader:240 - Cannot read IP mode file for STMicroelectronics.X-CUBE-EEPRMA1.5.1.0
2024-06-19 15:54:41,767 [WARN] PackLoader:240 - Cannot read IP mode file for ITTIA_DB.I-CUBE-ITTIADB.8.9.0
2024-06-19 15:54:41,783 [WARN] PackLoader:240 - Cannot read IP mode file for SEGGER.I-CUBE-embOS.1.3.1
2024-06-19 15:54:41,808 [WARN] PackLoader:240 - Cannot read IP mode file for STMicroelectronics.X-CUBE-ALGOBUILD.1.4.0
2024-06-19 15:54:41,812 [WARN] PackLoader:240 - Cannot read IP mode file for STMicroelectronics.X-CUBE-GNSS1.6.0.0
2024-06-19 15:54:41,818 [WARN] PackLoader:240 - Cannot read IP mode file for STMicroelectronics.X-CUBE-AZRTOS-F4.1.1.0
2024-06-19 15:54:41,822 [WARN] PackLoader:240 - Cannot read IP mode file for STMicroelectronics.X-CUBE-FREERTOS.1.2.0
2024-06-19 15:54:41,829 [WARN] PackLoader:240 - Cannot read IP mode file for STMicroelectronics.X-CUBE-AZRTOS-L5.2.0.0
2024-06-19 15:54:41,833 [WARN] PackLoader:240 - Cannot read IP mode file for STMicroelectronics.X-CUBE-NFC6.3.1.0
2024-06-19 15:54:41,836 [WARN] PackLoader:240 - Cannot read IP mode file for STMicroelectronics.X-CUBE-AI.9.0.0
2024-06-19 15:54:41,839 [WARN] PackLoader:240 - Cannot read IP mode file for STMicroelectronics.X-CUBE-NFC7.1.0.1
2024-06-19 15:54:41,846 [WARN] ConditionMgr:438 - getConditionDescription Invalid condition id : LAN8742 Phy interface Condition cause : null
2024-06-19 15:54:41,846 [WARN] PackLoader:240 - Cannot read IP mode file for STMicroelectronics.X-CUBE-AZRTOS-L4.2.0.0
2024-06-19 15:54:41,846 [WARN] ConditionMgr:1039 - genDependencies : Invalid condition id : LAN8742 Phy interface Condition cause : null
2024-06-19 15:54:41,847 [WARN] ConditionMgr:1039 - genDependencies : Invalid condition id : LAN8742 Phy interface Condition cause : null
2024-06-19 15:54:41,847 [WARN] ConditionMgr:1039 - genDependencies : Invalid condition id : LAN8742 Phy interface Condition cause : null
2024-06-19 15:54:41,850 [WARN] PackLoader:240 - Cannot read IP mode file for STMicroelectronics.X-CUBE-SFXS2LP1.4.0.0
2024-06-19 15:54:41,856 [WARN] ConditionMgr:438 - getConditionDescription Invalid condition id : UX DEVICE CLASS RTOS Condition cause : null
2024-06-19 15:54:41,856 [WARN] ConditionMgr:438 - getConditionDescription Invalid condition id : UX DEVICE CLASS RTOS Condition cause : null
2024-06-19 15:54:41,857 [WARN] PackLoader:240 - Cannot read IP mode file for STMicroelectronics.X-CUBE-AZRTOS-WB.2.0.0
2024-06-19 15:54:41,857 [WARN] ConditionMgr:1039 - genDependencies : Invalid condition id : UX DEVICE CLASS RTOS Condition cause : null
2024-06-19 15:54:41,857 [WARN] ConditionMgr:1039 - genDependencies : Invalid condition id : UX DEVICE CLASS RTOS Condition cause : null
2024-06-19 15:54:41,857 [WARN] ConditionMgr:1039 - genDependencies : Invalid condition id : UX DEVICE CLASS RTOS Condition cause : null
2024-06-19 15:54:41,857 [WARN] ConditionMgr:1039 - genDependencies : Invalid condition id : UX DEVICE CLASS RTOS Condition cause : null
2024-06-19 15:54:41,857 [WARN] ConditionMgr:1039 - genDependencies : Invalid condition id : UX DEVICE CLASS RTOS Condition cause : null
2024-06-19 15:54:41,861 [WARN] PackLoader:240 - Cannot read IP mode file for STMicroelectronics.X-CUBE-SUBG2.5.0.0
2024-06-19 15:54:41,865 [WARN] PackLoader:240 - Cannot read IP mode file for Cesanta.I-CUBE-Mongoose.7.13.0
2024-06-19 15:54:41,871 [WARN] PackLoader:240 - Cannot read IP mode file for STMicroelectronics.X-CUBE-AZRTOS-G4.2.0.0
2024-06-19 15:54:41,874 [WARN] PackLoader:240 - Cannot read IP mode file for STMicroelectronics.X-CUBE-ISPU.2.0.0
2024-06-19 15:54:41,876 [WARN] PackLoader:240 - Cannot read IP mode file for STMicroelectronics.X-CUBE-ALS.1.0.2
2024-06-19 15:54:41,896 [WARN] PackLoader:240 - Cannot read IP mode file for STMicroelectronics.X-CUBE-MEMS1.10.0.0
2024-06-19 15:54:41,966 [WARN] PackLoader:240 - Cannot read IP mode file for portGmbH.I-Cube-SoM-uGOAL.1.1.0
2024-06-19 15:54:41,973 [WARN] PackLoader:240 - Cannot read IP mode file for STMicroelectronics.X-CUBE-AZRTOS-H7RS.1.0.0
2024-06-19 15:54:41,976 [WARN] PackLoader:240 - Cannot read IP mode file for STMicroelectronics.FP-ATR-ASTRA1.2.0.0
2024-06-19 15:54:41,980 [WARN] PackLoader:240 - Cannot read IP mode file for STMicroelectronics.X-CUBE-TOF1.3.4.1
2024-06-19 15:54:42,009 [WARN] PackLoader:240 - Cannot read IP mode file for STMicroelectronics.X-CUBE-AZRTOS-H7.3.2.0
2024-06-19 15:54:42,016 [WARN] PackLoader:240 - Cannot read IP mode file for Infineon.AIROC-Wi-Fi-Bluetooth-STM32.1.6.0
2024-06-19 15:54:42,018 [INFO] ThirdParty:978 - Integrity check success = true
2024-06-19 15:54:42,018 [INFO] IntegrityCheckThread:100 - exiting critical section [integrity check]
2024-06-19 15:54:42,018 [INFO] IntegrityCheckThread:103 - End integrity checks thread
2024-06-19 15:54:42,497 [INFO] WebApp:779 - Register for checkConnection events
2024-06-19 15:54:42,497 [INFO] WebApp:414 - Apply proxy settings
2024-06-19 15:54:42,497 [INFO] WebApp:499 - Chromium requires no authentication
2024-06-19 15:54:42,502 [INFO] WebApp:442 - Direct internet connection detected
2024-06-19 15:54:42,593 [INFO] WebApp:192 - Starting web application
2024-06-19 15:54:42,594 [INFO] WebApp:544 - Web application path used C:\ST\STM32CubeIDE_1.15.1\STM32CubeIDE\plugins\com.st.stm32cube.common.mx_6.11.1.202404110753\db\plugins\mcufinder\reactClient1\index.html
2024-06-19 15:59:20,303 [INFO] McuFinderGlobals:63 - Set McuFinder mode to 2 (CubeIDE integrated)
2024-06-19 15:59:20,316 [INFO] MainUpdater:2873 - connection check result : 10
2024-06-19 15:59:20,319 [INFO] MainUpdater:2873 - connection check result : 10
2024-06-19 15:59:20,417 [INFO] MicroXplorer:468 - Change Database Path : 
2024-06-19 15:59:20,417 [INFO] MicroXplorer:498 - Change Database Version : DB.6.0.111
2024-06-19 15:59:20,421 [WARN] ThirdParty:871 - waiting for thirdparty lock release [close project]
2024-06-19 15:59:20,421 [INFO] ThirdParty:873 - entering critical section [close project]
2024-06-19 15:59:20,421 [INFO] ThirdParty:883 - exiting critical section [close project]
2024-06-19 15:59:20,422 [INFO] PinOutPanel:1561 - setPackage(No Configuration,No Configuration)
2024-06-19 15:59:20,423 [INFO] UtilMem:75 - Begin LoadConfig() Used Memory: 765159000 Bytes (927989760)
2024-06-19 15:59:20,424 [INFO] MicroXplorer:468 - Change Database Path : 
2024-06-19 15:59:20,424 [INFO] MicroXplorer:498 - Change Database Version : DB.6.0.111
2024-06-19 15:59:20,424 [INFO] OpenFileManager:312 - Change cursor
2024-06-19 15:59:20,442 [INFO] Mcu:2021 - Initializing MCU STM32F411C(C-E)Ux STM32F411CEUx STM32F411CEU6
2024-06-19 15:59:21,220 [INFO] Context:663 - Trying to add GPIOservice into a context  which must be forbidden
2024-06-19 15:59:21,482 [INFO] RtosManager:555 - Registered RTOS mode: class=CMSIS, group=RTOS, mode=CMSIS_V1, owner=FREERTOS
2024-06-19 15:59:21,482 [INFO] RtosManager:555 - Registered RTOS mode: class=CMSIS, group=RTOS2, mode=CMSIS_V2, owner=FREERTOS
2024-06-19 15:59:21,482 [INFO] RtosManager:555 - Registered RTOS mode: class=RTOS, group=Core, mode=CMSIS_V1, owner=FREERTOS
2024-06-19 15:59:21,482 [INFO] RtosManager:555 - Registered RTOS mode: class=RTOS, group=Core, mode=CMSIS_V2, owner=FREERTOS
2024-06-19 15:59:21,483 [WARN] ModelIntegratedComponent:184 - Missing modes for component STMicroelectronics:FreeRTOS:0.0.1:STMicroelectronics:RTOS:FreeRTOS:Core:::10.2.0:
2024-06-19 15:59:21,487 [WARN] ModelIntegratedComponent:182 - Modes not found for component STMicroelectronics:USB_HOST:1.0.0:STMicroelectronics:USB::USB Host:Audio HS::1.0:USB_HOST_1_0_RESTRICTED_HS
2024-06-19 15:59:21,487 [WARN] ModelIntegratedComponent:188 - Modes not found for component STMicroelectronics:USB_HOST:1.0.0:STMicroelectronics:USB::USB Host:Audio HS::1.0:USB_HOST_1_0_RESTRICTED_HS
2024-06-19 15:59:21,487 [WARN] ModelIntegratedComponent:182 - Modes not found for component STMicroelectronics:USB_HOST:1.0.0:STMicroelectronics:USB::USB Host:CDC HS::1.0:USB_HOST_1_0_RESTRICTED_HS
2024-06-19 15:59:21,487 [WARN] ModelIntegratedComponent:188 - Modes not found for component STMicroelectronics:USB_HOST:1.0.0:STMicroelectronics:USB::USB Host:CDC HS::1.0:USB_HOST_1_0_RESTRICTED_HS
2024-06-19 15:59:21,487 [WARN] ModelIntegratedComponent:182 - Modes not found for component STMicroelectronics:USB_HOST:1.0.0:STMicroelectronics:USB::USB Host:MSC HS::1.0:USB_HOST_1_0_RESTRICTED_HS
2024-06-19 15:59:21,488 [WARN] ModelIntegratedComponent:188 - Modes not found for component STMicroelectronics:USB_HOST:1.0.0:STMicroelectronics:USB::USB Host:MSC HS::1.0:USB_HOST_1_0_RESTRICTED_HS
2024-06-19 15:59:21,488 [WARN] ModelIntegratedComponent:182 - Modes not found for component STMicroelectronics:USB_HOST:1.0.0:STMicroelectronics:USB::USB Host:HID HS::1.0:USB_HOST_1_0_RESTRICTED_HS
2024-06-19 15:59:21,488 [WARN] ModelIntegratedComponent:188 - Modes not found for component STMicroelectronics:USB_HOST:1.0.0:STMicroelectronics:USB::USB Host:HID HS::1.0:USB_HOST_1_0_RESTRICTED_HS
2024-06-19 15:59:21,488 [WARN] ModelIntegratedComponent:182 - Modes not found for component STMicroelectronics:USB_HOST:1.0.0:STMicroelectronics:USB::USB Host:MTP HS::1.0:USB_HOST_1_0_RESTRICTED_HS
2024-06-19 15:59:21,488 [WARN] ModelIntegratedComponent:188 - Modes not found for component STMicroelectronics:USB_HOST:1.0.0:STMicroelectronics:USB::USB Host:MTP HS::1.0:USB_HOST_1_0_RESTRICTED_HS
2024-06-19 15:59:21,492 [WARN] ModelIntegratedComponent:63 - No mode defined for component null
2024-06-19 15:59:21,492 [WARN] ModelIntegratedComponent:63 - No mode defined for component null
2024-06-19 15:59:21,492 [WARN] ModelIntegratedComponent:63 - No mode defined for component null
2024-06-19 15:59:21,492 [WARN] ModelIntegratedComponent:63 - No mode defined for component null
2024-06-19 15:59:21,492 [WARN] ModelIntegratedComponent:63 - No mode defined for component null
2024-06-19 15:59:21,492 [WARN] ModelIntegratedComponent:63 - No mode defined for component null
2024-06-19 15:59:21,492 [WARN] ModelIntegratedComponent:63 - No mode defined for component null
2024-06-19 15:59:21,492 [WARN] ModelIntegratedComponent:63 - No mode defined for component null
2024-06-19 15:59:21,492 [WARN] ModelIntegratedComponent:63 - No mode defined for component null
2024-06-19 15:59:21,492 [WARN] ModelIntegratedComponent:63 - No mode defined for component null
2024-06-19 15:59:21,492 [WARN] ModelIntegratedComponent:63 - No mode defined for component null
2024-06-19 15:59:21,492 [WARN] ModelIntegratedComponent:63 - No mode defined for component null
2024-06-19 15:59:21,492 [WARN] ModelIntegratedComponent:63 - No mode defined for component null
2024-06-19 15:59:21,492 [WARN] ModelIntegratedComponent:63 - No mode defined for component null
2024-06-19 15:59:21,492 [WARN] ModelIntegratedComponent:63 - No mode defined for component null
2024-06-19 15:59:21,492 [WARN] ModelIntegratedComponent:63 - No mode defined for component null
2024-06-19 15:59:21,492 [WARN] ModelIntegratedComponent:63 - No mode defined for component null
2024-06-19 15:59:21,492 [WARN] ModelIntegratedComponent:63 - No mode defined for component null
2024-06-19 15:59:21,492 [WARN] ModelIntegratedComponent:63 - No mode defined for component null
2024-06-19 15:59:21,492 [WARN] ModelIntegratedComponent:63 - No mode defined for component null
2024-06-19 15:59:21,492 [WARN] ModelIntegratedComponent:63 - No mode defined for component null
2024-06-19 15:59:21,492 [WARN] ModelIntegratedComponent:63 - No mode defined for component null
2024-06-19 15:59:21,492 [WARN] ModelIntegratedComponent:63 - No mode defined for component null
2024-06-19 15:59:21,492 [WARN] ModelIntegratedComponent:63 - No mode defined for component null
2024-06-19 15:59:21,492 [WARN] ModelIntegratedComponent:63 - No mode defined for component null
2024-06-19 15:59:21,492 [WARN] ModelIntegratedComponent:63 - No mode defined for component null
2024-06-19 15:59:21,492 [WARN] ModelIntegratedComponent:63 - No mode defined for component null
2024-06-19 15:59:21,492 [WARN] ModelIntegratedComponent:63 - No mode defined for component null
2024-06-19 15:59:21,492 [WARN] ModelIntegratedComponent:63 - No mode defined for component null
2024-06-19 15:59:21,492 [WARN] ModelIntegratedComponent:63 - No mode defined for component null
2024-06-19 15:59:21,493 [WARN] ModelIntegratedComponent:63 - No mode defined for component null
2024-06-19 15:59:21,493 [WARN] ModelIntegratedComponent:63 - No mode defined for component null
2024-06-19 15:59:21,493 [WARN] ModelIntegratedComponent:63 - No mode defined for component null
2024-06-19 15:59:21,493 [WARN] ModelIntegratedComponent:63 - No mode defined for component null
2024-06-19 15:59:21,534 [WARN] ModelIntegratedComponent:182 - Modes not found for component STMicroelectronics:USB_DEVICE:1.0.0:STMicroelectronics:USB::USB Device:Audio HS::1.0:USB_DEVICE_1_0_RESTRICTED_HS
2024-06-19 15:59:21,535 [WARN] ModelIntegratedComponent:188 - Modes not found for component STMicroelectronics:USB_DEVICE:1.0.0:STMicroelectronics:USB::USB Device:Audio HS::1.0:USB_DEVICE_1_0_RESTRICTED_HS
2024-06-19 15:59:21,535 [WARN] ModelIntegratedComponent:182 - Modes not found for component STMicroelectronics:USB_DEVICE:1.0.0:STMicroelectronics:USB::USB Device:CDC HS::1.0:USB_DEVICE_1_0_RESTRICTED_HS
2024-06-19 15:59:21,535 [WARN] ModelIntegratedComponent:188 - Modes not found for component STMicroelectronics:USB_DEVICE:1.0.0:STMicroelectronics:USB::USB Device:CDC HS::1.0:USB_DEVICE_1_0_RESTRICTED_HS
2024-06-19 15:59:21,535 [WARN] ModelIntegratedComponent:182 - Modes not found for component STMicroelectronics:USB_DEVICE:1.0.0:STMicroelectronics:USB::USB Device:DFU HS::1.0:USB_DEVICE_1_0_RESTRICTED_HS
2024-06-19 15:59:21,535 [WARN] ModelIntegratedComponent:188 - Modes not found for component STMicroelectronics:USB_DEVICE:1.0.0:STMicroelectronics:USB::USB Device:DFU HS::1.0:USB_DEVICE_1_0_RESTRICTED_HS
2024-06-19 15:59:21,535 [WARN] ModelIntegratedComponent:182 - Modes not found for component STMicroelectronics:USB_DEVICE:1.0.0:STMicroelectronics:USB::USB Device:HID HS::1.0:USB_DEVICE_1_0_RESTRICTED_HS
2024-06-19 15:59:21,535 [WARN] ModelIntegratedComponent:188 - Modes not found for component STMicroelectronics:USB_DEVICE:1.0.0:STMicroelectronics:USB::USB Device:HID HS::1.0:USB_DEVICE_1_0_RESTRICTED_HS
2024-06-19 15:59:21,535 [WARN] ModelIntegratedComponent:182 - Modes not found for component STMicroelectronics:USB_DEVICE:1.0.0:STMicroelectronics:USB::USB Device:Custom HID HS::1.0:USB_DEVICE_1_0_RESTRICTED_HS
2024-06-19 15:59:21,535 [WARN] ModelIntegratedComponent:188 - Modes not found for component STMicroelectronics:USB_DEVICE:1.0.0:STMicroelectronics:USB::USB Device:Custom HID HS::1.0:USB_DEVICE_1_0_RESTRICTED_HS
2024-06-19 15:59:21,535 [WARN] ModelIntegratedComponent:182 - Modes not found for component STMicroelectronics:USB_DEVICE:1.0.0:STMicroelectronics:USB::USB Device:MSC HS::1.0:USB_DEVICE_1_0_RESTRICTED_HS
2024-06-19 15:59:21,535 [WARN] ModelIntegratedComponent:188 - Modes not found for component STMicroelectronics:USB_DEVICE:1.0.0:STMicroelectronics:USB::USB Device:MSC HS::1.0:USB_DEVICE_1_0_RESTRICTED_HS
2024-06-19 15:59:21,547 [INFO] ThirdPartyModel:298 - Start build external matchings
2024-06-19 15:59:21,648 [INFO] ThirdPartyModel:316 - End build external matchings
2024-06-19 15:59:21,855 [INFO] ApiDb:581 - Connected to CubeFinder SQLite database (C:\Users\alin_\.stmcufinder\plugins\mcufinder\mcu\cube-finder-db.db)
2024-06-19 15:59:21,894 [INFO] ApiDb:668 - CubeFinder database Data Model version=2.1
2024-06-19 15:59:21,894 [INFO] ApiDb:669 - CubeFinder database Configuration version=3.0.39
2024-06-19 15:59:21,894 [INFO] ApiDb:670 - CubeFinder database generation date=2024-06-06 (1717689626)
2024-06-19 15:59:21,895 [INFO] ApiDb:671 - CubeFinder database FW Pack versions=[FP-ATR-ASTRA1_V2.0.0, FP-SNS-FLIGHT1_V5.0.2, FP-SNS-MOTENV1_V5.0.0, FP-SNS-MOTENVWB1_V1.4.0, FP-SNS-SMARTAG2_V1.2.0, STM32Cube_FW_C0_V1.2.0, STM32Cube_FW_F4_V1.28.0, STM32Cube_FW_F7_V1.17.2, STM32Cube_FW_G0_V1.6.2, STM32Cube_FW_G4_V1.6.0, STM32Cube_FW_H5_V1.3.0, STM32Cube_FW_H7RS_V1.1.0, STM32Cube_FW_H7_V1.11.2, STM32Cube_FW_L0_V1.12.2, STM32Cube_FW_L5_V1.5.1, STM32Cube_FW_U0_V1.1.0, STM32Cube_FW_U5_V1.6.0, STM32Cube_FW_WB0_V1.0.0, STM32Cube_FW_WBA_V1.4.0, STM32Cube_FW_WB_V1.20.0, STM32Cube_FW_WL_V1.3.0, X-CUBE-ALGOBUILD_V1.4.0, X-CUBE-ALS_V1.0.2, X-CUBE-AZRTOS-F4_V1.1.0, X-CUBE-AZRTOS-F7_V1.1.0, X-CUBE-AZRTOS-G0_V1.1.0, X-CUBE-AZRTOS-G4_V2.0.0, X-CUBE-AZRTOS-H7RS_V1.0.0, X-CUBE-AZRTOS-H7_V3.2.0, X-CUBE-AZRTOS-L4_V2.0.0, X-CUBE-AZRTOS-L5_V1.1.0, X-CUBE-AZRTOS-WB_V2.0.0, X-CUBE-AZRTOS-WL_V2.0.0, X-CUBE-BLE1_V7.0.0, X-CUBE-BLE2_V3.3.0, X-CUBE-BLEMGR_V3.1.0, X-CUBE-EEPRMA1_V5.1.0, X-CUBE-FREERTOS_V1.2.0, X-CUBE-GNSS1_V6.0.0, X-CUBE-MEMS1_V10.0.0, X-CUBE-NFC4_V3.0.0, X-CUBE-NFC7_V1.0.1, X-CUBE-SFXS2LP1_V4.0.0, X-CUBE-SUBG2_V5.0.0, X-CUBE-TOF1_V3.4.1]
2024-06-19 15:59:21,969 [INFO] DbBoardsSqlite:226 - include board P-NUCLEO-WB55-NUCLEO as a kit item of type 'Nucleo-64'
2024-06-19 15:59:21,969 [INFO] DbBoardsSqlite:226 - include board P-NUCLEO-WB55-USBDONGLE as a kit item of type 'Nucleo USB Dongle'
2024-06-19 15:59:21,970 [INFO] DbBoardsSqlite:226 - include board STEVAL-IDP005V1 as a kit item of type 'Evaluation Board'
2024-06-19 15:59:21,970 [INFO] DbBoardsSqlite:226 - include board STEVAL-IDP005V2 as a kit item of type 'Evaluation Board'
2024-06-19 15:59:22,103 [INFO] ApiDb:240 - Found 483 in-development CPN: [B-G473E-ZEST1S, B-WB1M-WPAN1, B-WL5M-SUBG1, NUCLEO-C031C6, NUCLEO-H503RB, NUCLEO-H533RE, NUCLEO-H563ZI, NUCLEO-H7S3L8, NUCLEO-U031R8, NUCLEO-U083RC, NUCLEO-U545RE-Q, NUCLEO-U5A5ZJ-Q, NUCLEO-WBA52CG, NUCLEO-WBA55CG, STEVAL-PROTEUS1, STEVAL-SMARTAG2, STEVAL-STWINBX1, STM320518-EVAL, STM32C0116-DK, STM32C011D6Y3TR, STM32C011D6Y6TR, STM32C011F4P3, STM32C011F4P6, STM32C011F4U3, STM32C011F4U6TR, STM32C011F6P3, STM32C011F6P6, STM32C011F6U3, STM32C011F6U6TR, STM32C011J4M3, STM32C011J4M6, STM32C011J6M3, STM32C011J6M6, STM32C0316-DK, STM32C031C4T3, STM32C031C4T6, STM32C031C4U3, STM32C031C4U6, STM32C031C6T3, STM32C031C6T6, STM32C031C6U3, STM32C031C6U6, STM32C031F4P3, STM32C031F4P6, STM32C031F6P3, STM32C031F6P6, STM32C031G4U3, STM32C031G4U6, STM32C031G6U3, STM32C031G6U6, STM32C031K4T3, STM32C031K4T6, STM32C031K4U3, STM32C031K4U6, STM32C031K6T3, STM32C031K6T6, STM32C031K6U3, STM32C031K6U6, STM32G071K8TXN, STM32G071K8UXN, STM32G081GBU6N, STM32G081KBT6N, STM32G081KBUXN, STM32G0B1CCT6N, STM32G0B1KCT6, STM32G0B1NEY6TR, STM32G0B1RCT6N, STM32G0C1CCT6, STM32G0C1CCT6N, STM32G0C1CCU6N, STM32G0C1CET6N, STM32G0C1CEU6N, STM32G0C1KCT6, STM32G0C1NEY6TR, STM32G0C1RCI6N, STM32G0C1RCT6N, STM32G0C1REI6N, STM32G0C1RET6N, STM32G0C1VCI6, STM32G0C1VEI6, STM32G471CCT6, STM32G471CCU6, STM32G471CET3, STM32G471CET6, STM32G471CEU3, STM32G471CEU6, STM32G471MCT6, STM32G471MET3, STM32G471MET6, STM32G471MEY6TR, STM32G471QCT6, STM32G471QET3, STM32G471RCT6, STM32G471RET3, STM32G471RET6, STM32G471VCH6, STM32G471VCI6, STM32G471VCT6, STM32G471VEH3, STM32G471VEH6, STM32G471VEI3, STM32G471VEI6, STM32G471VET3, STM32G471VET6, STM32G474CCT6, STM32H503CBT6, STM32H503CBU6, STM32H503EBY6TR, STM32H503KBU6, STM32H503RBT6, STM32H523CCT6, STM32H523CCU6, STM32H523CET6, STM32H523CEU6, STM32H523HEY6TR, STM32H523RCT6, STM32H523RET6, STM32H523VCI6, STM32H523VCT6, STM32H523VEI6, STM32H523VET6, STM32H523ZCJ6, STM32H523ZCT6, STM32H523ZEJ6, STM32H523ZET6, STM32H533CET6, STM32H533CEU6, STM32H533HEY6TR, STM32H533RET6, STM32H533VEI6, STM32H533VET6, STM32H533ZEJ6, STM32H533ZET6, STM32H562AGI6, STM32H562AII6, STM32H562IGK6, STM32H562IGT6, STM32H562IIK6, STM32H562IIT6, STM32H562RGT6, STM32H562RGV6, STM32H562RIT6, STM32H562RIV6, STM32H562VGT6, STM32H562VIT6, STM32H562ZGT6, STM32H562ZIT6, STM32H563AGI6, STM32H563AII3Q, STM32H563AII6, STM32H563IGK6, STM32H563IGT6, STM32H563IIK3Q, STM32H563IIK6, STM32H563IIT3Q, STM32H563IIT6, STM32H563MIY3QTR, STM32H563RGT6, STM32H563RGV6, STM32H563RIT6, STM32H563RIV6, STM32H563VGT6, STM32H563VIT3Q, STM32H563VIT6, STM32H563ZGT6, STM32H563ZIT3Q, STM32H563ZIT6, STM32H573AII3Q, STM32H573AII6, STM32H573I-DK, STM32H573IIK3Q, STM32H573IIK6, STM32H573IIT3Q, STM32H573IIT6, STM32H573MIY3QTR, STM32H573RIT6, STM32H573RIV6, STM32H573VIT3Q, STM32H573VIT6, STM32H573ZIT3Q, STM32H573ZIT6, STM32H7R3A8I6, STM32H7R3I8K6, STM32H7R3I8T6, STM32H7R3L8H6, STM32H7R3L8H6H, STM32H7R3R8V6, STM32H7R3V8H6, STM32H7R3V8T6, STM32H7R3V8Y6, STM32H7R3Z8J6, STM32H7R3Z8T6, STM32H7R7A8I6, STM32H7R7I8K6, STM32H7R7I8T6, STM32H7R7L8H6, STM32H7R7L8H6H, STM32H7R7Z8J6, STM32H7S3A8I6, STM32H7S3I8K6, STM32H7S3I8T6, STM32H7S3L8H6, STM32H7S3L8H6H, STM32H7S3R8V6, STM32H7S3V8H6, STM32H7S3V8T6, STM32H7S3V8Y6, STM32H7S3Z8J6, STM32H7S3Z8T6, STM32H7S78-DK, STM32H7S7A8I6, STM32H7S7I8K6, STM32H7S7I8T6, STM32H7S7L8H6, STM32H7S7L8H6H, STM32H7S7Z8J6, STM32L4R5QGI6STR, STM32MP131AAE3, STM32MP131AAF3, STM32MP131AAG3, STM32MP131CAE3, STM32MP131CAF3, STM32MP131CAG3, STM32MP131DAE7, STM32MP131DAF7, STM32MP131DAG7, STM32MP131FAE7, STM32MP131FAF7, STM32MP131FAG7, STM32MP133AAE3, STM32MP133AAF3, STM32MP133AAG3, STM32MP133CAE3, STM32MP133CAF3, STM32MP133CAG3, STM32MP133DAE7, STM32MP133DAF7, STM32MP133DAG7, STM32MP133FAE7, STM32MP133FAF7, STM32MP133FAG7, STM32MP135AAE3, STM32MP135AAF3, STM32MP135AAG3, STM32MP135CAE3, STM32MP135CAF3, STM32MP135CAG3, STM32MP135DAE7, STM32MP135DAF7, STM32MP135DAG7, STM32MP135F-DK, STM32MP135FAE7, STM32MP135FAF7, STM32MP135FAF7T, STM32MP135FAF7U, STM32MP135FAG7, STM32U031C6T6, STM32U031C6U6, STM32U031C8T6, STM32U031C8U6, STM32U031F4P6, STM32U031F6P6, STM32U031F8P6, STM32U031G6Y6TR, STM32U031G8Y6TR, STM32U031K4U6, STM32U031K6U6, STM32U031K8U6, STM32U031R6I6, STM32U031R6T6, STM32U031R8I6, STM32U031R8T6, STM32U073C8T6, STM32U073C8U6, STM32U073CBT6, STM32U073CBU6, STM32U073CCT6, STM32U073CCU6, STM32U073H8Y6TR, STM32U073HBY6TR, STM32U073HCY6TR, STM32U073K8U6, STM32U073KBU6, STM32U073KCU6, STM32U073M8I6, STM32U073M8T6, STM32U073MBI6, STM32U073MBT6, STM32U073MCI6, STM32U073MCT6, STM32U073R8I6, STM32U073R8T6, STM32U073RBI6, STM32U073RBT6, STM32U073RCI6, STM32U073RCT6, STM32U083C-DK, STM32U083CCT6, STM32U083CCU6, STM32U083HCY6TR, STM32U083KCU6, STM32U083MCI6, STM32U083MCT6, STM32U083RCI6, STM32U083RCT6, STM32U535CBT6, STM32U535CBT6Q, STM32U535CBU6, STM32U535CBU6Q, STM32U535CCT6, STM32U535CCT6Q, STM32U535CCU6, STM32U535CCU6Q, STM32U535CET6, STM32U535CET6Q, STM32U535CEU6, STM32U535CEU6Q, STM32U535JEY6QTR, STM32U535NCY6QTR, STM32U535NEY6QTR, STM32U535RBI6, STM32U535RBI6Q, STM32U535RBT6, STM32U535RBT6Q, STM32U535RCI6, STM32U535RCI6Q, STM32U535RCT6, STM32U535RCT6Q, STM32U535REI6, STM32U535REI6Q, STM32U535RET6, STM32U535RET6Q, STM32U535VCI6, STM32U535VCI6Q, STM32U535VCT6, STM32U535VCT6Q, STM32U535VEI6, STM32U535VEI6Q, STM32U535VET6, STM32U535VET6Q, STM32U545CET6, STM32U545CET6Q, STM32U545CEU6, STM32U545CEU6Q, STM32U545JEY6QTR, STM32U545NEY6QTR, STM32U545REI6, STM32U545REI6Q, STM32U545RET6, STM32U545RET6Q, STM32U545VEI6, STM32U545VEI6Q, STM32U545VET6, STM32U545VET6Q, STM32U595AIH6, STM32U595AIH6Q, STM32U595AJH6, STM32U595AJH6Q, STM32U595QII6, STM32U595QII6Q, STM32U595QJI6, STM32U595QJI6Q, STM32U595RIT6, STM32U595RIT6Q, STM32U595RJT6, STM32U595RJT6Q, STM32U595VIT6, STM32U595VIT6Q, STM32U595VJT6, STM32U595VJT6Q, STM32U595ZIT6, STM32U595ZIT6Q, STM32U595ZIY6QTR, STM32U595ZJT6, STM32U595ZJT6Q, STM32U595ZJY6QTR, STM32U599BJY6QTR, STM32U599NIH6Q, STM32U599NJH6Q, STM32U599VIT6Q, STM32U599VJT6, STM32U599VJT6Q, STM32U599ZIT6Q, STM32U599ZIY6QTR, STM32U599ZJT6Q, STM32U599ZJY6QTR, STM32U5A5AJH6, STM32U5A5AJH6Q, STM32U5A5QII3Q , STM32U5A5QJI6, STM32U5A5QJI6Q, STM32U5A5RJT6, STM32U5A5RJT6Q, STM32U5A5VJT6, STM32U5A5VJT6Q, STM32U5A5ZJT6, STM32U5A5ZJT6Q, STM32U5A5ZJY6QTR, STM32U5A9BJY6QTR, STM32U5A9J-DK, STM32U5A9NJH6Q, STM32U5A9VJT6Q, STM32U5A9ZJT6Q, STM32U5A9ZJY6QTR, STM32U5F7VIT6, STM32U5F7VIT6Q, STM32U5F7VJT6, STM32U5F7VJT6Q, STM32U5F9BJY6QTR, STM32U5F9NJH6Q, STM32U5F9VIT6Q, STM32U5F9VJT6Q, STM32U5F9ZIJ6QTR, STM32U5F9ZIT6Q, STM32U5F9ZJJ6QTR, STM32U5F9ZJT6Q, STM32U5G7VJT6, STM32U5G7VJT6Q, STM32U5G9BJY6QTR, STM32U5G9J-DK1, STM32U5G9J-DK2, STM32U5G9NJH6Q, STM32U5G9VJT6Q, STM32U5G9ZJJ6QTR, STM32U5G9ZJT6Q, STM32WB1MMCH6, STM32WBA50KEU6, STM32WBA50KEU6TR, STM32WBA50KGU6, STM32WBA50KGU6TR, STM32WBA52CEU6, STM32WBA52CEU6TR, STM32WBA52CEU7, STM32WBA52CEU7TR, STM32WBA52CGU6, STM32WBA52CGU6TR, STM32WBA52CGU6U, STM32WBA52CGU7, STM32WBA52CGU7TR, STM32WBA52KEU6, STM32WBA52KEU6TR, STM32WBA52KGU6, STM32WBA52KGU6TR, STM32WBA54CEU6, STM32WBA54CEU6TR, STM32WBA54CEU7, STM32WBA54CEU7TR, STM32WBA54CGU6, STM32WBA54CGU6TR, STM32WBA54CGU7, STM32WBA54CGU7TR, STM32WBA54KEU6, STM32WBA54KEU6TR, STM32WBA54KEU7, STM32WBA54KEU7TR, STM32WBA54KGU6, STM32WBA54KGU6TR, STM32WBA54KGU7, STM32WBA54KGU7TR, STM32WBA55CEU6, STM32WBA55CEU6TR, STM32WBA55CEU7, STM32WBA55CEU7TR, STM32WBA55CGU6, STM32WBA55CGU6TR, STM32WBA55CGU6U, STM32WBA55CGU7, STM32WBA55CGU7TR, STM32WBA55G-DK1, STM32WBA55HEF6, STM32WBA55HEF7, STM32WBA55HGF6, STM32WBA55HGF7, STM32WBA55UEI6, STM32WBA55UEI6TR, STM32WBA55UEI7, STM32WBA55UEI7TR, STM32WBA55UGI6, STM32WBA55UGI6TR, STM32WBA55UGI7, STM32WBA55UGI7TR, STM32WL5MOCH6, STM32WL5MOCH6TR]
2024-06-19 15:59:22,105 [INFO] ApiDb:668 - CubeFinder database Data Model version=2.1
2024-06-19 15:59:22,106 [INFO] ApiDb:669 - CubeFinder database Configuration version=3.0.39
2024-06-19 15:59:22,106 [INFO] ApiDb:670 - CubeFinder database generation date=2024-06-06 (1717689626)
2024-06-19 15:59:22,106 [INFO] ApiDb:671 - CubeFinder database FW Pack versions=[FP-ATR-ASTRA1_V2.0.0, FP-SNS-FLIGHT1_V5.0.2, FP-SNS-MOTENV1_V5.0.0, FP-SNS-MOTENVWB1_V1.4.0, FP-SNS-SMARTAG2_V1.2.0, STM32Cube_FW_C0_V1.2.0, STM32Cube_FW_F4_V1.28.0, STM32Cube_FW_F7_V1.17.2, STM32Cube_FW_G0_V1.6.2, STM32Cube_FW_G4_V1.6.0, STM32Cube_FW_H5_V1.3.0, STM32Cube_FW_H7RS_V1.1.0, STM32Cube_FW_H7_V1.11.2, STM32Cube_FW_L0_V1.12.2, STM32Cube_FW_L5_V1.5.1, STM32Cube_FW_U0_V1.1.0, STM32Cube_FW_U5_V1.6.0, STM32Cube_FW_WB0_V1.0.0, STM32Cube_FW_WBA_V1.4.0, STM32Cube_FW_WB_V1.20.0, STM32Cube_FW_WL_V1.3.0, X-CUBE-ALGOBUILD_V1.4.0, X-CUBE-ALS_V1.0.2, X-CUBE-AZRTOS-F4_V1.1.0, X-CUBE-AZRTOS-F7_V1.1.0, X-CUBE-AZRTOS-G0_V1.1.0, X-CUBE-AZRTOS-G4_V2.0.0, X-CUBE-AZRTOS-H7RS_V1.0.0, X-CUBE-AZRTOS-H7_V3.2.0, X-CUBE-AZRTOS-L4_V2.0.0, X-CUBE-AZRTOS-L5_V1.1.0, X-CUBE-AZRTOS-WB_V2.0.0, X-CUBE-AZRTOS-WL_V2.0.0, X-CUBE-BLE1_V7.0.0, X-CUBE-BLE2_V3.3.0, X-CUBE-BLEMGR_V3.1.0, X-CUBE-EEPRMA1_V5.1.0, X-CUBE-FREERTOS_V1.2.0, X-CUBE-GNSS1_V6.0.0, X-CUBE-MEMS1_V10.0.0, X-CUBE-NFC4_V3.0.0, X-CUBE-NFC7_V1.0.1, X-CUBE-SFXS2LP1_V4.0.0, X-CUBE-SUBG2_V5.0.0, X-CUBE-TOF1_V3.4.1]
2024-06-19 15:59:23,167 [INFO] ApiDb:240 - Found 483 in-development CPN: [B-G473E-ZEST1S, B-WB1M-WPAN1, B-WL5M-SUBG1, NUCLEO-C031C6, NUCLEO-H503RB, NUCLEO-H533RE, NUCLEO-H563ZI, NUCLEO-H7S3L8, NUCLEO-U031R8, NUCLEO-U083RC, NUCLEO-U545RE-Q, NUCLEO-U5A5ZJ-Q, NUCLEO-WBA52CG, NUCLEO-WBA55CG, STEVAL-PROTEUS1, STEVAL-SMARTAG2, STEVAL-STWINBX1, STM320518-EVAL, STM32C0116-DK, STM32C011D6Y3TR, STM32C011D6Y6TR, STM32C011F4P3, STM32C011F4P6, STM32C011F4U3, STM32C011F4U6TR, STM32C011F6P3, STM32C011F6P6, STM32C011F6U3, STM32C011F6U6TR, STM32C011J4M3, STM32C011J4M6, STM32C011J6M3, STM32C011J6M6, STM32C0316-DK, STM32C031C4T3, STM32C031C4T6, STM32C031C4U3, STM32C031C4U6, STM32C031C6T3, STM32C031C6T6, STM32C031C6U3, STM32C031C6U6, STM32C031F4P3, STM32C031F4P6, STM32C031F6P3, STM32C031F6P6, STM32C031G4U3, STM32C031G4U6, STM32C031G6U3, STM32C031G6U6, STM32C031K4T3, STM32C031K4T6, STM32C031K4U3, STM32C031K4U6, STM32C031K6T3, STM32C031K6T6, STM32C031K6U3, STM32C031K6U6, STM32G071K8TXN, STM32G071K8UXN, STM32G081GBU6N, STM32G081KBT6N, STM32G081KBUXN, STM32G0B1CCT6N, STM32G0B1KCT6, STM32G0B1NEY6TR, STM32G0B1RCT6N, STM32G0C1CCT6, STM32G0C1CCT6N, STM32G0C1CCU6N, STM32G0C1CET6N, STM32G0C1CEU6N, STM32G0C1KCT6, STM32G0C1NEY6TR, STM32G0C1RCI6N, STM32G0C1RCT6N, STM32G0C1REI6N, STM32G0C1RET6N, STM32G0C1VCI6, STM32G0C1VEI6, STM32G471CCT6, STM32G471CCU6, STM32G471CET3, STM32G471CET6, STM32G471CEU3, STM32G471CEU6, STM32G471MCT6, STM32G471MET3, STM32G471MET6, STM32G471MEY6TR, STM32G471QCT6, STM32G471QET3, STM32G471RCT6, STM32G471RET3, STM32G471RET6, STM32G471VCH6, STM32G471VCI6, STM32G471VCT6, STM32G471VEH3, STM32G471VEH6, STM32G471VEI3, STM32G471VEI6, STM32G471VET3, STM32G471VET6, STM32G474CCT6, STM32H503CBT6, STM32H503CBU6, STM32H503EBY6TR, STM32H503KBU6, STM32H503RBT6, STM32H523CCT6, STM32H523CCU6, STM32H523CET6, STM32H523CEU6, STM32H523HEY6TR, STM32H523RCT6, STM32H523RET6, STM32H523VCI6, STM32H523VCT6, STM32H523VEI6, STM32H523VET6, STM32H523ZCJ6, STM32H523ZCT6, STM32H523ZEJ6, STM32H523ZET6, STM32H533CET6, STM32H533CEU6, STM32H533HEY6TR, STM32H533RET6, STM32H533VEI6, STM32H533VET6, STM32H533ZEJ6, STM32H533ZET6, STM32H562AGI6, STM32H562AII6, STM32H562IGK6, STM32H562IGT6, STM32H562IIK6, STM32H562IIT6, STM32H562RGT6, STM32H562RGV6, STM32H562RIT6, STM32H562RIV6, STM32H562VGT6, STM32H562VIT6, STM32H562ZGT6, STM32H562ZIT6, STM32H563AGI6, STM32H563AII3Q, STM32H563AII6, STM32H563IGK6, STM32H563IGT6, STM32H563IIK3Q, STM32H563IIK6, STM32H563IIT3Q, STM32H563IIT6, STM32H563MIY3QTR, STM32H563RGT6, STM32H563RGV6, STM32H563RIT6, STM32H563RIV6, STM32H563VGT6, STM32H563VIT3Q, STM32H563VIT6, STM32H563ZGT6, STM32H563ZIT3Q, STM32H563ZIT6, STM32H573AII3Q, STM32H573AII6, STM32H573I-DK, STM32H573IIK3Q, STM32H573IIK6, STM32H573IIT3Q, STM32H573IIT6, STM32H573MIY3QTR, STM32H573RIT6, STM32H573RIV6, STM32H573VIT3Q, STM32H573VIT6, STM32H573ZIT3Q, STM32H573ZIT6, STM32H7R3A8I6, STM32H7R3I8K6, STM32H7R3I8T6, STM32H7R3L8H6, STM32H7R3L8H6H, STM32H7R3R8V6, STM32H7R3V8H6, STM32H7R3V8T6, STM32H7R3V8Y6, STM32H7R3Z8J6, STM32H7R3Z8T6, STM32H7R7A8I6, STM32H7R7I8K6, STM32H7R7I8T6, STM32H7R7L8H6, STM32H7R7L8H6H, STM32H7R7Z8J6, STM32H7S3A8I6, STM32H7S3I8K6, STM32H7S3I8T6, STM32H7S3L8H6, STM32H7S3L8H6H, STM32H7S3R8V6, STM32H7S3V8H6, STM32H7S3V8T6, STM32H7S3V8Y6, STM32H7S3Z8J6, STM32H7S3Z8T6, STM32H7S78-DK, STM32H7S7A8I6, STM32H7S7I8K6, STM32H7S7I8T6, STM32H7S7L8H6, STM32H7S7L8H6H, STM32H7S7Z8J6, STM32L4R5QGI6STR, STM32MP131AAE3, STM32MP131AAF3, STM32MP131AAG3, STM32MP131CAE3, STM32MP131CAF3, STM32MP131CAG3, STM32MP131DAE7, STM32MP131DAF7, STM32MP131DAG7, STM32MP131FAE7, STM32MP131FAF7, STM32MP131FAG7, STM32MP133AAE3, STM32MP133AAF3, STM32MP133AAG3, STM32MP133CAE3, STM32MP133CAF3, STM32MP133CAG3, STM32MP133DAE7, STM32MP133DAF7, STM32MP133DAG7, STM32MP133FAE7, STM32MP133FAF7, STM32MP133FAG7, STM32MP135AAE3, STM32MP135AAF3, STM32MP135AAG3, STM32MP135CAE3, STM32MP135CAF3, STM32MP135CAG3, STM32MP135DAE7, STM32MP135DAF7, STM32MP135DAG7, STM32MP135F-DK, STM32MP135FAE7, STM32MP135FAF7, STM32MP135FAF7T, STM32MP135FAF7U, STM32MP135FAG7, STM32U031C6T6, STM32U031C6U6, STM32U031C8T6, STM32U031C8U6, STM32U031F4P6, STM32U031F6P6, STM32U031F8P6, STM32U031G6Y6TR, STM32U031G8Y6TR, STM32U031K4U6, STM32U031K6U6, STM32U031K8U6, STM32U031R6I6, STM32U031R6T6, STM32U031R8I6, STM32U031R8T6, STM32U073C8T6, STM32U073C8U6, STM32U073CBT6, STM32U073CBU6, STM32U073CCT6, STM32U073CCU6, STM32U073H8Y6TR, STM32U073HBY6TR, STM32U073HCY6TR, STM32U073K8U6, STM32U073KBU6, STM32U073KCU6, STM32U073M8I6, STM32U073M8T6, STM32U073MBI6, STM32U073MBT6, STM32U073MCI6, STM32U073MCT6, STM32U073R8I6, STM32U073R8T6, STM32U073RBI6, STM32U073RBT6, STM32U073RCI6, STM32U073RCT6, STM32U083C-DK, STM32U083CCT6, STM32U083CCU6, STM32U083HCY6TR, STM32U083KCU6, STM32U083MCI6, STM32U083MCT6, STM32U083RCI6, STM32U083RCT6, STM32U535CBT6, STM32U535CBT6Q, STM32U535CBU6, STM32U535CBU6Q, STM32U535CCT6, STM32U535CCT6Q, STM32U535CCU6, STM32U535CCU6Q, STM32U535CET6, STM32U535CET6Q, STM32U535CEU6, STM32U535CEU6Q, STM32U535JEY6QTR, STM32U535NCY6QTR, STM32U535NEY6QTR, STM32U535RBI6, STM32U535RBI6Q, STM32U535RBT6, STM32U535RBT6Q, STM32U535RCI6, STM32U535RCI6Q, STM32U535RCT6, STM32U535RCT6Q, STM32U535REI6, STM32U535REI6Q, STM32U535RET6, STM32U535RET6Q, STM32U535VCI6, STM32U535VCI6Q, STM32U535VCT6, STM32U535VCT6Q, STM32U535VEI6, STM32U535VEI6Q, STM32U535VET6, STM32U535VET6Q, STM32U545CET6, STM32U545CET6Q, STM32U545CEU6, STM32U545CEU6Q, STM32U545JEY6QTR, STM32U545NEY6QTR, STM32U545REI6, STM32U545REI6Q, STM32U545RET6, STM32U545RET6Q, STM32U545VEI6, STM32U545VEI6Q, STM32U545VET6, STM32U545VET6Q, STM32U595AIH6, STM32U595AIH6Q, STM32U595AJH6, STM32U595AJH6Q, STM32U595QII6, STM32U595QII6Q, STM32U595QJI6, STM32U595QJI6Q, STM32U595RIT6, STM32U595RIT6Q, STM32U595RJT6, STM32U595RJT6Q, STM32U595VIT6, STM32U595VIT6Q, STM32U595VJT6, STM32U595VJT6Q, STM32U595ZIT6, STM32U595ZIT6Q, STM32U595ZIY6QTR, STM32U595ZJT6, STM32U595ZJT6Q, STM32U595ZJY6QTR, STM32U599BJY6QTR, STM32U599NIH6Q, STM32U599NJH6Q, STM32U599VIT6Q, STM32U599VJT6, STM32U599VJT6Q, STM32U599ZIT6Q, STM32U599ZIY6QTR, STM32U599ZJT6Q, STM32U599ZJY6QTR, STM32U5A5AJH6, STM32U5A5AJH6Q, STM32U5A5QII3Q , STM32U5A5QJI6, STM32U5A5QJI6Q, STM32U5A5RJT6, STM32U5A5RJT6Q, STM32U5A5VJT6, STM32U5A5VJT6Q, STM32U5A5ZJT6, STM32U5A5ZJT6Q, STM32U5A5ZJY6QTR, STM32U5A9BJY6QTR, STM32U5A9J-DK, STM32U5A9NJH6Q, STM32U5A9VJT6Q, STM32U5A9ZJT6Q, STM32U5A9ZJY6QTR, STM32U5F7VIT6, STM32U5F7VIT6Q, STM32U5F7VJT6, STM32U5F7VJT6Q, STM32U5F9BJY6QTR, STM32U5F9NJH6Q, STM32U5F9VIT6Q, STM32U5F9VJT6Q, STM32U5F9ZIJ6QTR, STM32U5F9ZIT6Q, STM32U5F9ZJJ6QTR, STM32U5F9ZJT6Q, STM32U5G7VJT6, STM32U5G7VJT6Q, STM32U5G9BJY6QTR, STM32U5G9J-DK1, STM32U5G9J-DK2, STM32U5G9NJH6Q, STM32U5G9VJT6Q, STM32U5G9ZJJ6QTR, STM32U5G9ZJT6Q, STM32WB1MMCH6, STM32WBA50KEU6, STM32WBA50KEU6TR, STM32WBA50KGU6, STM32WBA50KGU6TR, STM32WBA52CEU6, STM32WBA52CEU6TR, STM32WBA52CEU7, STM32WBA52CEU7TR, STM32WBA52CGU6, STM32WBA52CGU6TR, STM32WBA52CGU6U, STM32WBA52CGU7, STM32WBA52CGU7TR, STM32WBA52KEU6, STM32WBA52KEU6TR, STM32WBA52KGU6, STM32WBA52KGU6TR, STM32WBA54CEU6, STM32WBA54CEU6TR, STM32WBA54CEU7, STM32WBA54CEU7TR, STM32WBA54CGU6, STM32WBA54CGU6TR, STM32WBA54CGU7, STM32WBA54CGU7TR, STM32WBA54KEU6, STM32WBA54KEU6TR, STM32WBA54KEU7, STM32WBA54KEU7TR, STM32WBA54KGU6, STM32WBA54KGU6TR, STM32WBA54KGU7, STM32WBA54KGU7TR, STM32WBA55CEU6, STM32WBA55CEU6TR, STM32WBA55CEU7, STM32WBA55CEU7TR, STM32WBA55CGU6, STM32WBA55CGU6TR, STM32WBA55CGU6U, STM32WBA55CGU7, STM32WBA55CGU7TR, STM32WBA55G-DK1, STM32WBA55HEF6, STM32WBA55HEF7, STM32WBA55HGF6, STM32WBA55HGF7, STM32WBA55UEI6, STM32WBA55UEI6TR, STM32WBA55UEI7, STM32WBA55UEI7TR, STM32WBA55UGI6, STM32WBA55UGI6TR, STM32WBA55UGI7, STM32WBA55UGI7TR, STM32WL5MOCH6, STM32WL5MOCH6TR]
2024-06-19 15:59:23,170 [INFO] DbMcus:218 - Found 4229 MCUs, 4229 are supported
2024-06-19 15:59:23,170 [INFO] ApiDb:423 - Load user favorites file C:\Users\alin_/.stm32cubeide/favorites.mcus.txt: 0 item(s)
2024-06-19 15:59:23,170 [INFO] ApiDb:427 - User favorites MCUs=[]
2024-06-19 15:59:23,170 [INFO] DbMcus:224 - Set 0 / 0 favorites MCUs
2024-06-19 15:59:23,399 [INFO] BoardInfo:889 - No configuration file found for board P-NUCLEO-WB55
2024-06-19 15:59:23,399 [INFO] DbBoards:161 - Kit is not supported: P-NUCLEO-WB55
2024-06-19 15:59:23,402 [INFO] BoardInfo:889 - No configuration file found for board STEVAL-BFA001V1B
2024-06-19 15:59:23,402 [INFO] DbBoards:161 - Kit is not supported: STEVAL-BFA001V1B
2024-06-19 15:59:23,402 [INFO] BoardInfo:889 - No configuration file found for board STEVAL-BFA001V2B
2024-06-19 15:59:23,403 [INFO] DbBoards:161 - Kit is not supported: STEVAL-BFA001V2B
2024-06-19 15:59:23,478 [INFO] DbBoards:168 - Found 195 boards, 192 are supported
2024-06-19 15:59:23,478 [INFO] DbBoards:169 - Found 195 boards, 8 of them is supported for  Bsp
2024-06-19 15:59:23,480 [INFO] ApiDb:423 - Load user favorites file C:\Users\alin_/.stm32cubeide/favorites.boards.txt: 0 item(s)
2024-06-19 15:59:23,481 [INFO] ApiDb:427 - User favorites Boards=[]
2024-06-19 15:59:23,481 [INFO] DbBoards:198 - Set 0 / 0 favorites Boards
2024-06-19 15:59:23,529 [INFO] UtilMem:75 - End LoadConfig() Used Memory: 717893440 Bytes (1073741824)
2024-06-19 15:59:23,604 [WARN] ThirdParty:833 - waiting for thirdparty lock release [change project]
2024-06-19 15:59:23,604 [INFO] ThirdParty:835 - entering critical section [change project]
2024-06-19 15:59:23,605 [INFO] ThirdParty:1030 - CMSIS Pack Vendor :STMicroelectronics USBPD 4.1
2024-06-19 15:59:23,605 [INFO] ThirdParty:1030 - CMSIS Pack Vendor :STMicroelectronics X-CUBE-GNSS1 6.0.0
2024-06-19 15:59:23,605 [INFO] ThirdParty:1030 - CMSIS Pack Vendor :STMicroelectronics USB_HOST 2.0.0
2024-06-19 15:59:23,605 [INFO] ThirdParty:1030 - CMSIS Pack Vendor :STMicroelectronics FP-SNS-MOTENVWB1 1.4.0
2024-06-19 15:59:23,605 [INFO] ThirdParty:1030 - CMSIS Pack Vendor :STMicroelectronics X-CUBE-AZRTOS-F4 1.1.0
2024-06-19 15:59:23,605 [INFO] ThirdParty:1030 - CMSIS Pack Vendor :STMicroelectronics LIBJPEG 8.0.0
2024-06-19 15:59:23,605 [INFO] ThirdParty:1030 - CMSIS Pack Vendor :STMicroelectronics X-CUBE-SMBUS 2.1.0
2024-06-19 15:59:23,605 [INFO] ThirdParty:1030 - CMSIS Pack Vendor :STMicroelectronics USB_DEVICE 3.0.0
2024-06-19 15:59:23,605 [INFO] ThirdParty:1030 - CMSIS Pack Vendor :STMicroelectronics X-CUBE-TCPP 4.1.0
2024-06-19 15:59:23,605 [INFO] ThirdParty:1030 - CMSIS Pack Vendor :STMicroelectronics X-CUBE-FREERTOS 1.2.0
2024-06-19 15:59:23,605 [INFO] ThirdParty:1030 - CMSIS Pack Vendor :STMicroelectronics X-CUBE-AZRTOS-WB 2.0.0
2024-06-19 15:59:23,605 [INFO] ThirdParty:1030 - CMSIS Pack Vendor :STMicroelectronics X-CUBE-TOUCHGFX 4.23.2
2024-06-19 15:59:23,605 [INFO] ThirdParty:1030 - CMSIS Pack Vendor :STMicroelectronics X-CUBE-AZRTOS-F7 1.1.0
2024-06-19 15:59:23,605 [INFO] ThirdParty:1030 - CMSIS Pack Vendor :STMicroelectronics X-CUBE-AZRTOS-L5 2.0.0
2024-06-19 15:59:23,605 [INFO] ThirdParty:1030 - CMSIS Pack Vendor :STMicroelectronics USB_DEVICE 2.0.0
2024-06-19 15:59:23,605 [INFO] ThirdParty:1030 - CMSIS Pack Vendor :STMicroelectronics X-CUBE-NFC6 3.1.0
2024-06-19 15:59:23,605 [INFO] ThirdParty:1030 - CMSIS Pack Vendor :STMicroelectronics FreeRTOS 0.0.1
2024-06-19 15:59:23,605 [INFO] ThirdParty:1030 - CMSIS Pack Vendor :STMicroelectronics X-CUBE-AZRTOS-G0 1.1.0
2024-06-19 15:59:23,605 [INFO] ThirdParty:1030 - CMSIS Pack Vendor :STMicroelectronics X-CUBE-SAFEA1 1.2.2
2024-06-19 15:59:23,605 [INFO] ThirdParty:1030 - CMSIS Pack Vendor :STMicroelectronics X-CUBE-NFC4 3.0.0
2024-06-19 15:59:23,605 [INFO] ThirdParty:1030 - CMSIS Pack Vendor :STMicroelectronics X-CUBE-SUBG2 5.0.0
2024-06-19 15:59:23,605 [INFO] ThirdParty:1030 - CMSIS Pack Vendor :STMicroelectronics STM32_WPAN 1.0.0
2024-06-19 15:59:23,605 [INFO] ThirdParty:1030 - CMSIS Pack Vendor :STMicroelectronics lwIP 2.0.3
2024-06-19 15:59:23,605 [INFO] ThirdParty:1030 - CMSIS Pack Vendor :STMicroelectronics FP-SNS-FLIGHT1 5.0.2
2024-06-19 15:59:23,605 [INFO] ThirdParty:1030 - CMSIS Pack Vendor :Cesanta I-CUBE-Mongoose 7.13.0
2024-06-19 15:59:23,605 [INFO] ThirdParty:1030 - CMSIS Pack Vendor :STMicroelectronics USB_HOST 1.0.0
2024-06-19 15:59:23,605 [INFO] ThirdParty:1030 - CMSIS Pack Vendor :STMicroelectronics X-CUBE-AI 9.0.0
2024-06-19 15:59:23,605 [INFO] ThirdParty:1030 - CMSIS Pack Vendor :STMicroelectronics X-CUBE-AZRTOS-G4 2.0.0
2024-06-19 15:59:23,605 [INFO] ThirdParty:1030 - CMSIS Pack Vendor :STMicroelectronics PDM2PCM 3.1.0
2024-06-19 15:59:23,605 [INFO] ThirdParty:1030 - CMSIS Pack Vendor :STMicroelectronics PDM2PCM 3.3.0
2024-06-19 15:59:23,605 [INFO] ThirdParty:1030 - CMSIS Pack Vendor :STMicroelectronics X-CUBE-DISPLAY 3.0.0
2024-06-19 15:59:23,605 [INFO] ThirdParty:1030 - CMSIS Pack Vendor :wolfSSL I-CUBE-wolfSSL 5.7.0
2024-06-19 15:59:23,605 [INFO] ThirdParty:1030 - CMSIS Pack Vendor :STMicroelectronics X-CUBE-BLE1 7.0.0
2024-06-19 15:59:23,605 [INFO] ThirdParty:1030 - CMSIS Pack Vendor :STMicroelectronics FP-ATR-SIGFOX1 3.2.0
2024-06-19 15:59:23,605 [INFO] ThirdParty:1030 - CMSIS Pack Vendor :STMicroelectronics X-CUBE-ISPU 2.0.0
2024-06-19 15:59:23,605 [INFO] ThirdParty:1030 - CMSIS Pack Vendor :STMicroelectronics X-CUBE-EEPRMA1 5.1.0
2024-06-19 15:59:23,605 [INFO] ThirdParty:1030 - CMSIS Pack Vendor :STMicroelectronics HAL Drivers 0.0.0
2024-06-19 15:59:23,605 [INFO] ThirdParty:1030 - CMSIS Pack Vendor :STMicroelectronics MBEDTLS 2.16.2
2024-06-19 15:59:23,605 [INFO] ThirdParty:1030 - CMSIS Pack Vendor :STMicroelectronics X-CUBE-ALS 1.0.2
2024-06-19 15:59:23,605 [INFO] ThirdParty:1030 - CMSIS Pack Vendor :emotas I-CUBE-CANOPEN 1.3.0
2024-06-19 15:59:23,605 [INFO] ThirdParty:1030 - CMSIS Pack Vendor :STMicroelectronics X-CUBE-MEMS1 10.0.0
2024-06-19 15:59:23,605 [INFO] ThirdParty:1030 - CMSIS Pack Vendor :STMicroelectronics X-CUBE-NFC7 1.0.1
2024-06-19 15:59:23,605 [INFO] ThirdParty:1030 - CMSIS Pack Vendor :STMicroelectronics MBEDTLS 2.14.1
2024-06-19 15:59:23,605 [INFO] ThirdParty:1030 - CMSIS Pack Vendor :ITTIA_DB I-CUBE-ITTIADB 8.9.0
2024-06-19 15:59:23,605 [INFO] ThirdParty:1030 - CMSIS Pack Vendor :portGmbH I-Cube-SoM-uGOAL 1.1.0
2024-06-19 15:59:23,605 [INFO] ThirdParty:1030 - CMSIS Pack Vendor :STMicroelectronics X-CUBE-BLEMGR 3.1.0
2024-06-19 15:59:23,605 [INFO] ThirdParty:1030 - CMSIS Pack Vendor :STMicroelectronics ThreadX 1.0.0
2024-06-19 15:59:23,605 [INFO] ThirdParty:1030 - CMSIS Pack Vendor :STMicroelectronics FP-SNS-SMARTAG2 1.2.0
2024-06-19 15:59:23,605 [INFO] ThirdParty:1030 - CMSIS Pack Vendor :STMicroelectronics X-CUBE-AZRTOS-WL 2.0.0
2024-06-19 15:59:23,605 [INFO] ThirdParty:1030 - CMSIS Pack Vendor :SEGGER I-CUBE-embOS 1.3.1
2024-06-19 15:59:23,605 [INFO] ThirdParty:1030 - CMSIS Pack Vendor :STMicroelectronics X-CUBE-ALGOBUILD 1.4.0
2024-06-19 15:59:23,605 [INFO] ThirdParty:1030 - CMSIS Pack Vendor :STMicroelectronics FP-SNS-MOTENV1 5.0.0
2024-06-19 15:59:23,605 [INFO] ThirdParty:1030 - CMSIS Pack Vendor :STMicroelectronics USB_DEVICE 1.0.0
2024-06-19 15:59:23,605 [INFO] ThirdParty:1030 - CMSIS Pack Vendor :STMicroelectronics X-CUBE-AZRTOS-H7RS 1.0.0
2024-06-19 15:59:23,605 [INFO] ThirdParty:1030 - CMSIS Pack Vendor :wolfSSL I-CUBE-wolfMQTT 1.19.0
2024-06-19 15:59:23,605 [INFO] ThirdParty:1030 - CMSIS Pack Vendor :STMicroelectronics X-CUBE-AZRTOS-L4 2.0.0
2024-06-19 15:59:23,605 [INFO] ThirdParty:1030 - CMSIS Pack Vendor :STMicroelectronics ThreadX 0.0.2
2024-06-19 15:59:23,605 [INFO] ThirdParty:1030 - CMSIS Pack Vendor :WES I-CUBE-Cesium 1.3.0
2024-06-19 15:59:23,605 [INFO] ThirdParty:1030 - CMSIS Pack Vendor :STMicroelectronics FP-ATR-ASTRA1 2.0.0
2024-06-19 15:59:23,605 [INFO] ThirdParty:1030 - CMSIS Pack Vendor :STMicroelectronics lwIP 2.1.2
2024-06-19 15:59:23,605 [INFO] ThirdParty:1030 - CMSIS Pack Vendor :STMicroelectronics X-CUBE-SFXS2LP1 4.0.0
2024-06-19 15:59:23,605 [INFO] ThirdParty:1030 - CMSIS Pack Vendor :STMicroelectronics X-CUBE-BLE2 3.3.0
2024-06-19 15:59:23,605 [INFO] ThirdParty:1030 - CMSIS Pack Vendor :STMicroelectronics X-CUBE-TOF1 3.4.1
2024-06-19 15:59:23,605 [INFO] ThirdParty:1030 - CMSIS Pack Vendor :STMicroelectronics X-CUBE-AZRTOS-H7 3.2.0
2024-06-19 15:59:23,606 [INFO] ThirdParty:1030 - CMSIS Pack Vendor :Infineon AIROC-Wi-Fi-Bluetooth-STM32 1.6.0
2024-06-19 15:59:23,606 [INFO] ThirdParty:1030 - CMSIS Pack Vendor :STMicroelectronics PDM2PCM 3.2.0
2024-06-19 15:59:23,606 [INFO] ThirdParty:841 - exiting critical section [change project]
2024-06-19 15:59:23,776 [INFO] PinOutPanel:1561 - setPackage(No Configuration,No Configuration)
2024-06-19 15:59:23,777 [INFO] PinOutPanel:1561 - setPackage(STM32F411CEUx,UFQFPN48)
2024-06-19 15:59:23,987 [INFO] UtilMem:75 - Before build in PCC Used Memory: 840729624 Bytes (1073741824)
2024-06-19 15:59:24,661 [INFO] UtilMem:75 - After build in PCC Used Memory: 598466272 Bytes (1073741824)
2024-06-19 15:59:24,676 [INFO] IPUIPlugin:80 - create IPUIPlugin
2024-06-19 15:59:24,676 [INFO] IPUIPlugin:80 - create IPUIPlugin
2024-06-19 15:59:24,676 [INFO] IPUIPlugin:80 - create IPUIPlugin
2024-06-19 15:59:24,676 [INFO] IPUIPlugin:80 - create IPUIPlugin
2024-06-19 15:59:24,676 [INFO] IPUIPlugin:80 - create IPUIPlugin
2024-06-19 15:59:24,676 [INFO] IPUIPlugin:80 - create IPUIPlugin
2024-06-19 15:59:24,676 [INFO] IPUIPlugin:80 - create IPUIPlugin
2024-06-19 15:59:24,676 [INFO] IPUIPlugin:80 - create IPUIPlugin
2024-06-19 15:59:24,676 [INFO] IPUIPlugin:80 - create IPUIPlugin
2024-06-19 15:59:24,676 [INFO] IPUIPlugin:80 - create IPUIPlugin
2024-06-19 15:59:24,676 [INFO] IPUIPlugin:80 - create IPUIPlugin
2024-06-19 15:59:24,676 [INFO] IPUIPlugin:80 - create IPUIPlugin
2024-06-19 15:59:24,677 [INFO] IPUIPlugin:80 - create IPUIPlugin
2024-06-19 15:59:24,677 [INFO] IPUIPlugin:80 - create IPUIPlugin
2024-06-19 15:59:24,677 [INFO] IPUIPlugin:80 - create IPUIPlugin
2024-06-19 15:59:24,677 [INFO] IPUIPlugin:80 - create IPUIPlugin
2024-06-19 15:59:24,677 [INFO] IPUIPlugin:80 - create IPUIPlugin
2024-06-19 15:59:24,677 [INFO] IPUIPlugin:80 - create IPUIPlugin
2024-06-19 15:59:24,677 [INFO] IPUIPlugin:80 - create IPUIPlugin
2024-06-19 15:59:24,677 [INFO] IPUIPlugin:80 - create IPUIPlugin
2024-06-19 15:59:24,677 [INFO] IPUIPlugin:80 - create IPUIPlugin
2024-06-19 15:59:24,677 [INFO] IPUIPlugin:80 - create IPUIPlugin
2024-06-19 15:59:24,677 [INFO] IPUIPlugin:80 - create IPUIPlugin
2024-06-19 15:59:24,683 [INFO] IPUIPlugin:80 - create IPUIPlugin
2024-06-19 15:59:24,683 [INFO] IPUIPlugin:80 - create IPUIPlugin
2024-06-19 15:59:24,684 [INFO] IPUIPlugin:80 - create IPUIPlugin
2024-06-19 15:59:24,684 [INFO] IPUIPlugin:80 - create IPUIPlugin
2024-06-19 15:59:24,684 [INFO] IPUIPlugin:80 - create IPUIPlugin
2024-06-19 15:59:24,684 [INFO] IPUIPlugin:80 - create IPUIPlugin
2024-06-19 15:59:24,684 [INFO] IPUIPlugin:80 - create IPUIPlugin
2024-06-19 15:59:24,684 [INFO] IPUIPlugin:80 - create IPUIPlugin
2024-06-19 15:59:24,684 [INFO] IPUIPlugin:80 - create IPUIPlugin
2024-06-19 15:59:24,684 [INFO] IPUIPlugin:80 - create IPUIPlugin
2024-06-19 15:59:24,684 [INFO] IPUIPlugin:80 - create IPUIPlugin
2024-06-19 15:59:24,684 [INFO] IPUIPlugin:80 - create IPUIPlugin
2024-06-19 15:59:24,685 [INFO] IPUIPlugin:80 - create IPUIPlugin
2024-06-19 15:59:24,685 [INFO] IPUIPlugin:80 - create IPUIPlugin
2024-06-19 15:59:24,685 [INFO] IPUIPlugin:80 - create IPUIPlugin
2024-06-19 15:59:24,685 [INFO] IPUIPlugin:80 - create IPUIPlugin
2024-06-19 15:59:24,685 [INFO] IPUIPlugin:80 - create IPUIPlugin
2024-06-19 15:59:24,685 [INFO] IPUIPlugin:80 - create IPUIPlugin
2024-06-19 15:59:24,685 [INFO] IPUIPlugin:80 - create IPUIPlugin
2024-06-19 15:59:24,686 [INFO] IPUIPlugin:80 - create IPUIPlugin
2024-06-19 15:59:24,832 [INFO] ApiDbMcu:508 - Load IP Config File for PDM2PCM
2024-06-19 15:59:24,845 [WARN] IP:2120 - I2C_Coeff_DF not found: check if there is a RefParameter without a condition.
2024-06-19 15:59:24,846 [WARN] IP:2120 - Analog_Filter not found: check if there is a RefParameter without a condition.
2024-06-19 15:59:24,971 [INFO] CADModel:165 - CPN selected for project levelSTM32F411CEU6
2024-06-19 15:59:24,971 [INFO] CADModel:114 - Register for checkConnection events
2024-06-19 15:59:25,016 [INFO] OpenFileManager:343 - Restore cursor
2024-06-19 15:59:25,096 [WARN] IP:2120 - I2C_Coeff_DF not found: check if there is a RefParameter without a condition.
2024-06-19 15:59:25,096 [WARN] IP:2120 - Analog_Filter not found: check if there is a RefParameter without a condition.
2024-06-19 15:59:25,096 [WARN] IP:2120 - I2C_Coeff_DF not found: check if there is a RefParameter without a condition.
2024-06-19 15:59:25,096 [WARN] IP:2120 - Analog_Filter not found: check if there is a RefParameter without a condition.
2024-06-19 19:39:16,401 [ERROR] LogOutputStream:75 - [STDERR_REDIRECT] 
2024-06-19 19:39:16,402 [ERROR] LogOutputStream:75 - [STDERR_REDIRECT] 
