2024-06-19 15:21:08,204 [WARN] IP:2120 - I2C_Coeff_DF not found: check if there is a RefParameter without a condition.
2024-06-19 15:21:08,206 [WARN] IP:2120 - Analog_Filter not found: check if there is a RefParameter without a condition.
2024-06-19 15:21:08,206 [WARN] IP:2120 - I2C_Coeff_DF not found: check if there is a RefParameter without a condition.
2024-06-19 15:21:08,206 [WARN] IP:2120 - Analog_Filter not found: check if there is a RefParameter without a condition.
2024-06-19 15:21:08,231 [WARN] IP:2120 - I2C_Coeff_DF not found: check if there is a RefParameter without a condition.
2024-06-19 15:21:08,231 [WARN] IP:2120 - Analog_Filter not found: check if there is a RefParameter without a condition.
2024-06-19 15:21:21,436 [INFO] UtilMem:75 - End SaveConfig() Used Memory: 292843400 Bytes (734003200)
2024-06-19 15:21:24,442 [INFO] UtilMem:75 - End SaveConfig() Used Memory: 313598808 Bytes (734003200)
2024-06-19 15:21:49,015 [INFO] UtilMem:75 - End SaveConfig() Used Memory: 385118088 Bytes (734003200)
2024-06-19 15:21:49,058 [INFO] BlockDiagram:2759 - set Specific Code input for plugin: NVIC
2024-06-19 15:21:49,058 [INFO] BlockDiagram:2759 - set Specific Code input for plugin: SYS
2024-06-19 15:21:49,058 [INFO] BlockDiagram:2759 - set Specific Code input for plugin: GPIO
2024-06-19 15:21:49,058 [INFO] BlockDiagram:2759 - set Specific Code input for plugin: RCC
2024-06-19 15:21:49,058 [INFO] BlockDiagram:2759 - set Specific Code input for plugin: I2C
2024-06-19 15:21:49,058 [INFO] CodeGenerator:807 - code generatio: config db path: C:\ST\STM32CubeIDE_1.15.1\STM32CubeIDE\plugins\com.st.stm32cube.common.mx_6.11.1.202404110753\\db\
2024-06-19 15:21:49,059 [WARN] IP:2120 - I2C_Coeff_DF not found: check if there is a RefParameter without a condition.
2024-06-19 15:21:49,059 [WARN] IP:2120 - Analog_Filter not found: check if there is a RefParameter without a condition.
2024-06-19 15:21:49,107 [INFO] CodeEngine:255 - oldGeneratedFile, C:\Users\alin_\STM32CubeIDE\workspace_1.15.1\blink02\MXTmpFiles\license.tmp_save
2024-06-19 15:21:49,152 [INFO] CodeEngine:279 - Generated code: C:\Users\alin_\STM32CubeIDE\workspace_1.15.1\blink02\MXTmpFiles\license.tmp
2024-06-19 15:21:49,169 [INFO] CodeEngine:255 - oldGeneratedFile, C:\Users\alin_\STM32CubeIDE\workspace_1.15.1\blink02\MXTmpFiles\gpio.tmp_save
2024-06-19 15:21:49,240 [INFO] CodeEngine:279 - Generated code: C:\Users\alin_\STM32CubeIDE\workspace_1.15.1\blink02\MXTmpFiles\gpio.tmp
2024-06-19 15:21:49,284 [INFO] CodeEngine:255 - oldGeneratedFile, C:\Users\alin_\STM32CubeIDE\workspace_1.15.1\blink02\Core\Src\stm32f4xx_it.c_save
2024-06-19 15:21:49,367 [INFO] CodeEngine:279 - Generated code: C:\Users\alin_\STM32CubeIDE\workspace_1.15.1\blink02\Core\Src\stm32f4xx_it.c
2024-06-19 15:21:49,380 [INFO] CodeEngine:255 - oldGeneratedFile, C:\Users\alin_\STM32CubeIDE\workspace_1.15.1\blink02\Core\Inc\stm32f4xx_it.h_save
2024-06-19 15:21:49,431 [INFO] CodeEngine:279 - Generated code: C:\Users\alin_\STM32CubeIDE\workspace_1.15.1\blink02\Core\Inc\stm32f4xx_it.h
2024-06-19 15:21:49,445 [INFO] CodeEngine:255 - oldGeneratedFile, C:\Users\alin_\STM32CubeIDE\workspace_1.15.1\blink02\Core\Src\stm32f4xx_hal_msp.c_save
2024-06-19 15:21:49,521 [INFO] CodeEngine:279 - Generated code: C:\Users\alin_\STM32CubeIDE\workspace_1.15.1\blink02\Core\Src\stm32f4xx_hal_msp.c
2024-06-19 15:21:49,527 [INFO] CodeEngine:255 - oldGeneratedFile, C:\Users\alin_\STM32CubeIDE\workspace_1.15.1\blink02\MXTmpFiles\system.tmp_save
2024-06-19 15:21:49,565 [INFO] CodeEngine:279 - Generated code: C:\Users\alin_\STM32CubeIDE\workspace_1.15.1\blink02\MXTmpFiles\system.tmp
2024-06-19 15:21:49,580 [INFO] CodeEngine:311 - oldGeneratedFile, C:\Users\alin_\STM32CubeIDE\workspace_1.15.1\blink02\Core\Inc\stm32f4xx_hal_conf.h_save
2024-06-19 15:21:49,647 [INFO] CodeEngine:335 - Generated code: C:\Users\alin_\STM32CubeIDE\workspace_1.15.1\blink02\Core\Inc\stm32f4xx_hal_conf.h
2024-06-19 15:21:49,679 [INFO] CodeEngine:255 - oldGeneratedFile, C:\Users\alin_\STM32CubeIDE\workspace_1.15.1\blink02\Core\Inc\main.h_save
2024-06-19 15:21:49,740 [INFO] CodeEngine:279 - Generated code: C:\Users\alin_\STM32CubeIDE\workspace_1.15.1\blink02\Core\Inc\main.h
2024-06-19 15:21:49,755 [INFO] CodeEngine:255 - oldGeneratedFile, C:\Users\alin_\STM32CubeIDE\workspace_1.15.1\blink02\Core\Src\main.c_save
2024-06-19 15:21:49,810 [INFO] CodeEngine:279 - Generated code: C:\Users\alin_\STM32CubeIDE\workspace_1.15.1\blink02\Core\Src\main.c
2024-06-19 15:21:49,976 [INFO] ProjectBuilder:3163 - Time for Copy HAL[1] : 78mS.
2024-06-19 15:21:49,977 [INFO] ProjectBuilder:4736 - Project Generator version: 4.3.0-B58
2024-06-19 15:21:50,009 [INFO] ConfigFileManager:1503 - The Die is : DIE431
2024-06-19 15:21:50,507 [INFO] ProjectBuilder:5002 - Time for Generating toolchain IDE Files: 529mS.
2024-06-19 15:21:50,507 [INFO] ProjectBuilder:3034 - Time for Copy CMSIS : 0mS.
2024-06-19 15:21:50,508 [INFO] ProjectBuilder:3034 - Time for Copy CMSIS : 0mS.
